2025/08/04 01:14:04 [notice] 1#1: using the "epoll" event method
2025/08/04 01:14:04 [notice] 1#1: nginx/1.29.0
2025/08/04 01:14:04 [notice] 1#1: built by gcc 12.2.0 (Debian 12.2.0-14+deb12u1) 
2025/08/04 01:14:04 [notice] 1#1: OS: Linux 6.6.87.2-microsoft-standard-WSL2
2025/08/04 01:14:04 [notice] 1#1: getrlimit(RLIMIT_NOFILE): 1048576:1048576
2025/08/04 01:14:04 [notice] 1#1: start worker processes
2025/08/04 01:14:04 [notice] 1#1: start worker process 28
2025/08/04 01:14:04 [notice] 1#1: start worker process 29
2025/08/04 01:14:04 [notice] 1#1: start worker process 30
2025/08/04 01:14:04 [notice] 1#1: start worker process 31
2025/08/04 01:14:04 [notice] 1#1: start worker process 32
2025/08/04 01:14:04 [notice] 1#1: start worker process 33
2025/08/04 01:14:04 [notice] 1#1: start worker process 34
2025/08/04 01:14:04 [notice] 1#1: start worker process 35
2025/08/04 01:14:04 [notice] 1#1: start worker process 36
2025/08/04 01:14:04 [notice] 1#1: start worker process 37
2025/08/04 01:14:04 [notice] 1#1: start worker process 38
2025/08/04 01:14:04 [notice] 1#1: start worker process 39
2025/08/04 01:14:04 [notice] 1#1: start worker process 40
2025/08/04 01:14:04 [notice] 1#1: start worker process 41
2025/08/04 01:14:04 [notice] 1#1: start worker process 42
2025/08/04 01:14:04 [notice] 1#1: start worker process 43
2025/08/04 01:14:04 [notice] 1#1: start worker process 44
2025/08/04 01:14:04 [notice] 1#1: start worker process 45
2025/08/04 01:14:04 [notice] 1#1: start worker process 46
2025/08/04 01:14:04 [notice] 1#1: start worker process 47
2025/08/04 01:14:04 [notice] 1#1: start worker process 48
2025/08/04 01:14:04 [notice] 1#1: start worker process 49
2025/08/04 02:25:50 [notice] 1#1: signal 3 (SIGQUIT) received, shutting down
2025/08/04 02:25:50 [notice] 28#28: gracefully shutting down
2025/08/04 02:25:50 [notice] 29#29: gracefully shutting down
2025/08/04 02:25:50 [notice] 31#31: gracefully shutting down
2025/08/04 02:25:50 [notice] 30#30: gracefully shutting down
2025/08/04 02:25:50 [notice] 29#29: exiting
2025/08/04 02:25:50 [notice] 33#33: gracefully shutting down
2025/08/04 02:25:50 [notice] 38#38: gracefully shutting down
2025/08/04 02:25:50 [notice] 32#32: gracefully shutting down
2025/08/04 02:25:50 [notice] 35#35: gracefully shutting down
2025/08/04 02:25:50 [notice] 33#33: exiting
2025/08/04 02:25:50 [notice] 41#41: gracefully shutting down
2025/08/04 02:25:50 [notice] 43#43: gracefully shutting down
2025/08/04 02:25:50 [notice] 37#37: gracefully shutting down
2025/08/04 02:25:50 [notice] 34#34: gracefully shutting down
2025/08/04 02:25:50 [notice] 48#48: gracefully shutting down
2025/08/04 02:25:50 [notice] 37#37: exiting
2025/08/04 02:25:50 [notice] 47#47: gracefully shutting down
2025/08/04 02:25:50 [notice] 36#36: gracefully shutting down
2025/08/04 02:25:50 [notice] 39#39: gracefully shutting down
2025/08/04 02:25:50 [notice] 47#47: exiting
2025/08/04 02:25:50 [notice] 44#44: gracefully shutting down
2025/08/04 02:25:50 [notice] 46#46: gracefully shutting down
2025/08/04 02:25:50 [notice] 28#28: exiting
2025/08/04 02:25:50 [notice] 42#42: gracefully shutting down
2025/08/04 02:25:50 [notice] 40#40: gracefully shutting down
2025/08/04 02:25:50 [notice] 49#49: gracefully shutting down
2025/08/04 02:25:50 [notice] 45#45: gracefully shutting down
2025/08/04 02:25:50 [notice] 30#30: exiting
2025/08/04 02:25:50 [notice] 31#31: exiting
2025/08/04 02:25:50 [notice] 29#29: exit
2025/08/04 02:25:50 [notice] 45#45: exiting
2025/08/04 02:25:50 [notice] 38#38: exiting
2025/08/04 02:25:50 [notice] 45#45: exit
2025/08/04 02:25:50 [notice] 32#32: exiting
2025/08/04 02:25:50 [notice] 33#33: exit
2025/08/04 02:25:50 [notice] 35#35: exiting
2025/08/04 02:25:50 [notice] 41#41: exiting
2025/08/04 02:25:50 [notice] 43#43: exiting
2025/08/04 02:25:50 [notice] 34#34: exiting
2025/08/04 02:25:50 [notice] 37#37: exit
2025/08/04 02:25:50 [notice] 34#34: exit
2025/08/04 02:25:50 [notice] 48#48: exiting
2025/08/04 02:25:50 [notice] 36#36: exiting
2025/08/04 02:25:50 [notice] 47#47: exit
2025/08/04 02:25:50 [notice] 39#39: exiting
2025/08/04 02:25:50 [notice] 28#28: exit
2025/08/04 02:25:50 [notice] 44#44: exiting
2025/08/04 02:25:50 [notice] 46#46: exiting
2025/08/04 02:25:50 [notice] 42#42: exiting
2025/08/04 02:25:50 [notice] 40#40: exiting
2025/08/04 02:25:50 [notice] 30#30: exit
2025/08/04 02:25:50 [notice] 49#49: exiting
2025/08/04 02:25:50 [notice] 31#31: exit
2025/08/04 02:25:50 [notice] 49#49: exit
2025/08/04 02:25:50 [notice] 38#38: exit
2025/08/04 02:25:50 [notice] 32#32: exit
2025/08/04 02:25:50 [notice] 35#35: exit
2025/08/04 02:25:50 [notice] 41#41: exit
2025/08/04 02:25:50 [notice] 43#43: exit
2025/08/04 02:25:50 [notice] 48#48: exit
2025/08/04 02:25:50 [notice] 36#36: exit
2025/08/04 02:25:50 [notice] 39#39: exit
2025/08/04 02:25:50 [notice] 44#44: exit
2025/08/04 02:25:50 [notice] 46#46: exit
2025/08/04 02:25:50 [notice] 42#42: exit
2025/08/04 02:25:50 [notice] 40#40: exit
2025/08/04 02:25:50 [notice] 1#1: signal 17 (SIGCHLD) received from 44
2025/08/04 02:25:50 [notice] 1#1: worker process 44 exited with code 0
2025/08/04 02:25:50 [notice] 1#1: signal 29 (SIGIO) received
2025/08/04 02:25:50 [notice] 1#1: signal 17 (SIGCHLD) received from 47
2025/08/04 02:25:50 [notice] 1#1: worker process 47 exited with code 0
2025/08/04 02:25:50 [notice] 1#1: signal 29 (SIGIO) received
2025/08/04 02:25:50 [notice] 1#1: signal 17 (SIGCHLD) received from 41
2025/08/04 02:25:50 [notice] 1#1: worker process 28 exited with code 0
2025/08/04 02:25:50 [notice] 1#1: worker process 29 exited with code 0
2025/08/04 02:25:50 [notice] 1#1: worker process 30 exited with code 0
2025/08/04 02:25:50 [notice] 1#1: worker process 31 exited with code 0
2025/08/04 02:25:50 [notice] 1#1: worker process 32 exited with code 0
2025/08/04 02:25:50 [notice] 1#1: worker process 33 exited with code 0
2025/08/04 02:25:50 [notice] 1#1: worker process 34 exited with code 0
2025/08/04 02:25:50 [notice] 1#1: worker process 35 exited with code 0
2025/08/04 02:25:50 [notice] 1#1: worker process 36 exited with code 0
2025/08/04 02:25:50 [notice] 1#1: worker process 37 exited with code 0
2025/08/04 02:25:50 [notice] 1#1: worker process 38 exited with code 0
2025/08/04 02:25:50 [notice] 1#1: worker process 39 exited with code 0
2025/08/04 02:25:50 [notice] 1#1: worker process 40 exited with code 0
2025/08/04 02:25:50 [notice] 1#1: worker process 41 exited with code 0
2025/08/04 02:25:50 [notice] 1#1: worker process 42 exited with code 0
2025/08/04 02:25:50 [notice] 1#1: worker process 43 exited with code 0
2025/08/04 02:25:50 [notice] 1#1: worker process 45 exited with code 0
2025/08/04 02:25:50 [notice] 1#1: worker process 46 exited with code 0
2025/08/04 02:25:50 [notice] 1#1: worker process 48 exited with code 0
2025/08/04 02:25:50 [notice] 1#1: worker process 49 exited with code 0
2025/08/04 02:25:50 [notice] 1#1: exit
2025/08/04 02:26:07 [notice] 1#1: using the "epoll" event method
2025/08/04 02:26:07 [notice] 1#1: nginx/1.29.0
2025/08/04 02:26:07 [notice] 1#1: built by gcc 12.2.0 (Debian 12.2.0-14+deb12u1) 
2025/08/04 02:26:07 [notice] 1#1: OS: Linux 6.6.87.2-microsoft-standard-WSL2
2025/08/04 02:26:07 [notice] 1#1: getrlimit(RLIMIT_NOFILE): 1048576:1048576
2025/08/04 02:26:07 [notice] 1#1: start worker processes
2025/08/04 02:26:07 [notice] 1#1: start worker process 28
2025/08/04 02:26:07 [notice] 1#1: start worker process 29
2025/08/04 02:26:07 [notice] 1#1: start worker process 30
2025/08/04 02:26:07 [notice] 1#1: start worker process 31
2025/08/04 02:26:07 [notice] 1#1: start worker process 32
2025/08/04 02:26:07 [notice] 1#1: start worker process 33
2025/08/04 02:26:07 [notice] 1#1: start worker process 34
2025/08/04 02:26:07 [notice] 1#1: start worker process 35
2025/08/04 02:26:07 [notice] 1#1: start worker process 36
2025/08/04 02:26:07 [notice] 1#1: start worker process 37
2025/08/04 02:26:07 [notice] 1#1: start worker process 38
2025/08/04 02:26:07 [notice] 1#1: start worker process 39
2025/08/04 02:26:07 [notice] 1#1: start worker process 40
2025/08/04 02:26:07 [notice] 1#1: start worker process 41
2025/08/04 02:26:07 [notice] 1#1: start worker process 42
2025/08/04 02:26:07 [notice] 1#1: start worker process 43
2025/08/04 02:26:07 [notice] 1#1: start worker process 44
2025/08/04 02:26:07 [notice] 1#1: start worker process 45
2025/08/04 02:26:07 [notice] 1#1: start worker process 46
2025/08/04 02:26:07 [notice] 1#1: start worker process 47
2025/08/04 02:26:07 [notice] 1#1: start worker process 48
2025/08/04 02:26:07 [notice] 1#1: start worker process 49
2025/08/04 02:40:40 [notice] 1#1: signal 3 (SIGQUIT) received, shutting down
2025/08/04 02:40:40 [notice] 28#28: gracefully shutting down
2025/08/04 02:40:40 [notice] 40#40: gracefully shutting down
2025/08/04 02:40:40 [notice] 30#30: gracefully shutting down
2025/08/04 02:40:40 [notice] 29#29: gracefully shutting down
2025/08/04 02:40:40 [notice] 32#32: gracefully shutting down
2025/08/04 02:40:40 [notice] 33#33: gracefully shutting down
2025/08/04 02:40:40 [notice] 37#37: gracefully shutting down
2025/08/04 02:40:40 [notice] 31#31: gracefully shutting down
2025/08/04 02:40:40 [notice] 38#38: gracefully shutting down
2025/08/04 02:40:40 [notice] 39#39: gracefully shutting down
2025/08/04 02:40:40 [notice] 34#34: gracefully shutting down
2025/08/04 02:40:40 [notice] 35#35: gracefully shutting down
2025/08/04 02:40:40 [notice] 36#36: gracefully shutting down
2025/08/04 02:40:40 [notice] 41#41: gracefully shutting down
2025/08/04 02:40:40 [notice] 43#43: gracefully shutting down
2025/08/04 02:40:40 [notice] 44#44: gracefully shutting down
2025/08/04 02:40:40 [notice] 42#42: gracefully shutting down
2025/08/04 02:40:40 [notice] 46#46: gracefully shutting down
2025/08/04 02:40:40 [notice] 49#49: gracefully shutting down
2025/08/04 02:40:40 [notice] 48#48: gracefully shutting down
2025/08/04 02:40:40 [notice] 45#45: gracefully shutting down
2025/08/04 02:40:40 [notice] 47#47: gracefully shutting down
2025/08/04 02:40:40 [notice] 28#28: exiting
2025/08/04 02:40:40 [notice] 40#40: exiting
2025/08/04 02:40:40 [notice] 30#30: exiting
2025/08/04 02:40:40 [notice] 29#29: exiting
2025/08/04 02:40:40 [notice] 32#32: exiting
2025/08/04 02:40:40 [notice] 33#33: exiting
2025/08/04 02:40:40 [notice] 37#37: exiting
2025/08/04 02:40:40 [notice] 31#31: exiting
2025/08/04 02:40:40 [notice] 38#38: exiting
2025/08/04 02:40:40 [notice] 39#39: exiting
2025/08/04 02:40:40 [notice] 34#34: exiting
2025/08/04 02:40:40 [notice] 35#35: exiting
2025/08/04 02:40:40 [notice] 36#36: exiting
2025/08/04 02:40:40 [notice] 41#41: exiting
2025/08/04 02:40:40 [notice] 43#43: exiting
2025/08/04 02:40:40 [notice] 44#44: exiting
2025/08/04 02:40:40 [notice] 42#42: exiting
2025/08/04 02:40:40 [notice] 46#46: exiting
2025/08/04 02:40:40 [notice] 49#49: exiting
2025/08/04 02:40:40 [notice] 48#48: exiting
2025/08/04 02:40:40 [notice] 45#45: exiting
2025/08/04 02:40:40 [notice] 47#47: exiting
2025/08/04 02:40:40 [notice] 28#28: exit
2025/08/04 02:40:40 [notice] 40#40: exit
2025/08/04 02:40:40 [notice] 30#30: exit
2025/08/04 02:40:40 [notice] 29#29: exit
2025/08/04 02:40:40 [notice] 32#32: exit
2025/08/04 02:40:40 [notice] 33#33: exit
2025/08/04 02:40:40 [notice] 37#37: exit
2025/08/04 02:40:40 [notice] 31#31: exit
2025/08/04 02:40:40 [notice] 38#38: exit
2025/08/04 02:40:40 [notice] 39#39: exit
2025/08/04 02:40:40 [notice] 34#34: exit
2025/08/04 02:40:40 [notice] 35#35: exit
2025/08/04 02:40:40 [notice] 36#36: exit
2025/08/04 02:40:40 [notice] 41#41: exit
2025/08/04 02:40:40 [notice] 43#43: exit
2025/08/04 02:40:40 [notice] 44#44: exit
2025/08/04 02:40:40 [notice] 42#42: exit
2025/08/04 02:40:40 [notice] 46#46: exit
2025/08/04 02:40:40 [notice] 49#49: exit
2025/08/04 02:40:40 [notice] 48#48: exit
2025/08/04 02:40:40 [notice] 45#45: exit
2025/08/04 02:40:40 [notice] 47#47: exit
2025/08/04 02:40:40 [notice] 1#1: signal 17 (SIGCHLD) received from 46
2025/08/04 02:40:40 [notice] 1#1: worker process 30 exited with code 0
2025/08/04 02:40:40 [notice] 1#1: worker process 46 exited with code 0
2025/08/04 02:40:40 [notice] 1#1: signal 29 (SIGIO) received
2025/08/04 02:40:40 [notice] 1#1: signal 17 (SIGCHLD) received from 42
2025/08/04 02:40:40 [notice] 1#1: worker process 31 exited with code 0
2025/08/04 02:40:40 [notice] 1#1: worker process 32 exited with code 0
2025/08/04 02:40:40 [notice] 1#1: worker process 28 exited with code 0
2025/08/04 02:40:40 [notice] 1#1: worker process 29 exited with code 0
2025/08/04 02:40:40 [notice] 1#1: worker process 33 exited with code 0
2025/08/04 02:40:40 [notice] 1#1: worker process 34 exited with code 0
2025/08/04 02:40:40 [notice] 1#1: worker process 35 exited with code 0
2025/08/04 02:40:40 [notice] 1#1: worker process 36 exited with code 0
2025/08/04 02:40:40 [notice] 1#1: worker process 37 exited with code 0
2025/08/04 02:40:40 [notice] 1#1: worker process 38 exited with code 0
2025/08/04 02:40:40 [notice] 1#1: worker process 39 exited with code 0
2025/08/04 02:40:40 [notice] 1#1: worker process 40 exited with code 0
2025/08/04 02:40:40 [notice] 1#1: worker process 41 exited with code 0
2025/08/04 02:40:40 [notice] 1#1: worker process 42 exited with code 0
2025/08/04 02:40:40 [notice] 1#1: worker process 43 exited with code 0
2025/08/04 02:40:40 [notice] 1#1: worker process 44 exited with code 0
2025/08/04 02:40:40 [notice] 1#1: worker process 45 exited with code 0
2025/08/04 02:40:40 [notice] 1#1: worker process 47 exited with code 0
2025/08/04 02:40:40 [notice] 1#1: worker process 48 exited with code 0
2025/08/04 02:40:40 [notice] 1#1: signal 29 (SIGIO) received
2025/08/04 02:40:40 [notice] 1#1: signal 17 (SIGCHLD) received from 31
2025/08/04 02:40:40 [notice] 1#1: signal 17 (SIGCHLD) received from 49
2025/08/04 02:40:40 [notice] 1#1: worker process 49 exited with code 0
2025/08/04 02:40:40 [notice] 1#1: exit
2025/08/04 02:41:11 [notice] 1#1: using the "epoll" event method
2025/08/04 02:41:11 [notice] 1#1: nginx/1.29.0
2025/08/04 02:41:11 [notice] 1#1: built by gcc 12.2.0 (Debian 12.2.0-14+deb12u1) 
2025/08/04 02:41:11 [notice] 1#1: OS: Linux 6.6.87.2-microsoft-standard-WSL2
2025/08/04 02:41:11 [notice] 1#1: getrlimit(RLIMIT_NOFILE): 1048576:1048576
2025/08/04 02:41:11 [notice] 1#1: start worker processes
2025/08/04 02:41:11 [notice] 1#1: start worker process 28
2025/08/04 02:41:11 [notice] 1#1: start worker process 29
2025/08/04 02:41:11 [notice] 1#1: start worker process 30
2025/08/04 02:41:11 [notice] 1#1: start worker process 31
2025/08/04 02:41:11 [notice] 1#1: start worker process 32
2025/08/04 02:41:11 [notice] 1#1: start worker process 33
2025/08/04 02:41:11 [notice] 1#1: start worker process 34
2025/08/04 02:41:11 [notice] 1#1: start worker process 35
2025/08/04 02:41:11 [notice] 1#1: start worker process 36
2025/08/04 02:41:11 [notice] 1#1: start worker process 37
2025/08/04 02:41:11 [notice] 1#1: start worker process 38
2025/08/04 02:41:11 [notice] 1#1: start worker process 39
2025/08/04 02:41:11 [notice] 1#1: start worker process 40
2025/08/04 02:41:11 [notice] 1#1: start worker process 41
2025/08/04 02:41:11 [notice] 1#1: start worker process 42
2025/08/04 02:41:11 [notice] 1#1: start worker process 43
2025/08/04 02:41:11 [notice] 1#1: start worker process 44
2025/08/04 02:41:11 [notice] 1#1: start worker process 45
2025/08/04 02:41:11 [notice] 1#1: start worker process 46
2025/08/04 02:41:11 [notice] 1#1: start worker process 47
2025/08/04 02:41:11 [notice] 1#1: start worker process 48
2025/08/04 02:41:11 [notice] 1#1: start worker process 49
2025/08/04 02:45:38 [notice] 1#1: signal 3 (SIGQUIT) received, shutting down
2025/08/04 02:45:38 [notice] 28#28: gracefully shutting down
2025/08/04 02:45:38 [notice] 29#29: gracefully shutting down
2025/08/04 02:45:38 [notice] 30#30: gracefully shutting down
2025/08/04 02:45:38 [notice] 35#35: gracefully shutting down
2025/08/04 02:45:38 [notice] 36#36: gracefully shutting down
2025/08/04 02:45:38 [notice] 37#37: gracefully shutting down
2025/08/04 02:45:38 [notice] 31#31: gracefully shutting down
2025/08/04 02:45:38 [notice] 34#34: gracefully shutting down
2025/08/04 02:45:38 [notice] 33#33: gracefully shutting down
2025/08/04 02:45:38 [notice] 42#42: gracefully shutting down
2025/08/04 02:45:38 [notice] 41#41: gracefully shutting down
2025/08/04 02:45:38 [notice] 45#45: gracefully shutting down
2025/08/04 02:45:38 [notice] 40#40: gracefully shutting down
2025/08/04 02:45:38 [notice] 44#44: gracefully shutting down
2025/08/04 02:45:38 [notice] 38#38: gracefully shutting down
2025/08/04 02:45:38 [notice] 47#47: gracefully shutting down
2025/08/04 02:45:38 [notice] 39#39: gracefully shutting down
2025/08/04 02:45:38 [notice] 48#48: gracefully shutting down
2025/08/04 02:45:38 [notice] 49#49: gracefully shutting down
2025/08/04 02:45:38 [notice] 43#43: gracefully shutting down
2025/08/04 02:45:38 [notice] 46#46: gracefully shutting down
2025/08/04 02:45:38 [notice] 32#32: gracefully shutting down
2025/08/04 02:45:38 [notice] 28#28: exiting
2025/08/04 02:45:38 [notice] 29#29: exiting
2025/08/04 02:45:38 [notice] 30#30: exiting
2025/08/04 02:45:38 [notice] 35#35: exiting
2025/08/04 02:45:38 [notice] 36#36: exiting
2025/08/04 02:45:38 [notice] 37#37: exiting
2025/08/04 02:45:38 [notice] 31#31: exiting
2025/08/04 02:45:38 [notice] 34#34: exiting
2025/08/04 02:45:38 [notice] 33#33: exiting
2025/08/04 02:45:38 [notice] 42#42: exiting
2025/08/04 02:45:38 [notice] 41#41: exiting
2025/08/04 02:45:38 [notice] 45#45: exiting
2025/08/04 02:45:38 [notice] 40#40: exiting
2025/08/04 02:45:38 [notice] 44#44: exiting
2025/08/04 02:45:38 [notice] 38#38: exiting
2025/08/04 02:45:38 [notice] 47#47: exiting
2025/08/04 02:45:38 [notice] 39#39: exiting
2025/08/04 02:45:38 [notice] 48#48: exiting
2025/08/04 02:45:38 [notice] 49#49: exiting
2025/08/04 02:45:38 [notice] 43#43: exiting
2025/08/04 02:45:38 [notice] 46#46: exiting
2025/08/04 02:45:38 [notice] 32#32: exiting
2025/08/04 02:45:38 [notice] 28#28: exit
2025/08/04 02:45:38 [notice] 29#29: exit
2025/08/04 02:45:38 [notice] 30#30: exit
2025/08/04 02:45:38 [notice] 35#35: exit
2025/08/04 02:45:38 [notice] 36#36: exit
2025/08/04 02:45:38 [notice] 37#37: exit
2025/08/04 02:45:38 [notice] 31#31: exit
2025/08/04 02:45:38 [notice] 34#34: exit
2025/08/04 02:45:38 [notice] 33#33: exit
2025/08/04 02:45:38 [notice] 42#42: exit
2025/08/04 02:45:38 [notice] 41#41: exit
2025/08/04 02:45:38 [notice] 45#45: exit
2025/08/04 02:45:38 [notice] 40#40: exit
2025/08/04 02:45:38 [notice] 44#44: exit
2025/08/04 02:45:38 [notice] 38#38: exit
2025/08/04 02:45:38 [notice] 47#47: exit
2025/08/04 02:45:38 [notice] 39#39: exit
2025/08/04 02:45:38 [notice] 48#48: exit
2025/08/04 02:45:38 [notice] 49#49: exit
2025/08/04 02:45:38 [notice] 43#43: exit
2025/08/04 02:45:38 [notice] 46#46: exit
2025/08/04 02:45:38 [notice] 32#32: exit
2025/08/04 02:45:38 [notice] 1#1: signal 17 (SIGCHLD) received from 41
2025/08/04 02:45:38 [notice] 1#1: worker process 41 exited with code 0
2025/08/04 02:45:38 [notice] 1#1: signal 29 (SIGIO) received
2025/08/04 02:45:38 [notice] 1#1: signal 17 (SIGCHLD) received from 48
2025/08/04 02:45:38 [notice] 1#1: worker process 28 exited with code 0
2025/08/04 02:45:38 [notice] 1#1: worker process 36 exited with code 0
2025/08/04 02:45:38 [notice] 1#1: worker process 39 exited with code 0
2025/08/04 02:45:38 [notice] 1#1: worker process 42 exited with code 0
2025/08/04 02:45:38 [notice] 1#1: worker process 45 exited with code 0
2025/08/04 02:45:38 [notice] 1#1: worker process 48 exited with code 0
2025/08/04 02:45:38 [notice] 1#1: signal 29 (SIGIO) received
2025/08/04 02:45:38 [notice] 1#1: signal 17 (SIGCHLD) received from 39
2025/08/04 02:45:38 [notice] 1#1: signal 17 (SIGCHLD) received from 34
2025/08/04 02:45:38 [notice] 1#1: worker process 34 exited with code 0
2025/08/04 02:45:38 [notice] 1#1: worker process 35 exited with code 0
2025/08/04 02:45:38 [notice] 1#1: signal 29 (SIGIO) received
2025/08/04 02:45:38 [notice] 1#1: signal 17 (SIGCHLD) received from 35
2025/08/04 02:45:38 [notice] 1#1: signal 17 (SIGCHLD) received from 37
2025/08/04 02:45:38 [notice] 1#1: worker process 29 exited with code 0
2025/08/04 02:45:38 [notice] 1#1: worker process 30 exited with code 0
2025/08/04 02:45:38 [notice] 1#1: worker process 31 exited with code 0
2025/08/04 02:45:38 [notice] 1#1: worker process 32 exited with code 0
2025/08/04 02:45:38 [notice] 1#1: worker process 33 exited with code 0
2025/08/04 02:45:38 [notice] 1#1: worker process 37 exited with code 0
2025/08/04 02:45:38 [notice] 1#1: worker process 38 exited with code 0
2025/08/04 02:45:38 [notice] 1#1: worker process 40 exited with code 0
2025/08/04 02:45:38 [notice] 1#1: worker process 43 exited with code 0
2025/08/04 02:45:38 [notice] 1#1: worker process 44 exited with code 0
2025/08/04 02:45:38 [notice] 1#1: worker process 46 exited with code 0
2025/08/04 02:45:38 [notice] 1#1: worker process 47 exited with code 0
2025/08/04 02:45:38 [notice] 1#1: worker process 49 exited with code 0
2025/08/04 02:45:38 [notice] 1#1: exit
2025/08/04 02:45:39 [notice] 1#1: using the "epoll" event method
2025/08/04 02:45:39 [notice] 1#1: nginx/1.29.0
2025/08/04 02:45:39 [notice] 1#1: built by gcc 12.2.0 (Debian 12.2.0-14+deb12u1) 
2025/08/04 02:45:39 [notice] 1#1: OS: Linux 6.6.87.2-microsoft-standard-WSL2
2025/08/04 02:45:39 [notice] 1#1: getrlimit(RLIMIT_NOFILE): 1048576:1048576
2025/08/04 02:45:39 [notice] 1#1: start worker processes
2025/08/04 02:45:39 [notice] 1#1: start worker process 28
2025/08/04 02:45:39 [notice] 1#1: start worker process 29
2025/08/04 02:45:39 [notice] 1#1: start worker process 30
2025/08/04 02:45:39 [notice] 1#1: start worker process 31
2025/08/04 02:45:39 [notice] 1#1: start worker process 32
2025/08/04 02:45:39 [notice] 1#1: start worker process 33
2025/08/04 02:45:39 [notice] 1#1: start worker process 34
2025/08/04 02:45:39 [notice] 1#1: start worker process 35
2025/08/04 02:45:39 [notice] 1#1: start worker process 36
2025/08/04 02:45:39 [notice] 1#1: start worker process 37
2025/08/04 02:45:39 [notice] 1#1: start worker process 38
2025/08/04 02:45:39 [notice] 1#1: start worker process 39
2025/08/04 02:45:39 [notice] 1#1: start worker process 40
2025/08/04 02:45:39 [notice] 1#1: start worker process 41
2025/08/04 02:45:39 [notice] 1#1: start worker process 42
2025/08/04 02:45:39 [notice] 1#1: start worker process 43
2025/08/04 02:45:39 [notice] 1#1: start worker process 44
2025/08/04 02:45:39 [notice] 1#1: start worker process 45
2025/08/04 02:45:39 [notice] 1#1: start worker process 46
2025/08/04 02:45:39 [notice] 1#1: start worker process 47
2025/08/04 02:45:39 [notice] 1#1: start worker process 48
2025/08/04 02:45:39 [notice] 1#1: start worker process 49
2025/08/04 02:46:23 [notice] 1#1: signal 3 (SIGQUIT) received, shutting down
2025/08/04 02:46:23 [notice] 28#28: gracefully shutting down
2025/08/04 02:46:23 [notice] 28#28: exiting
2025/08/04 02:46:23 [notice] 30#30: gracefully shutting down
2025/08/04 02:46:23 [notice] 30#30: exiting
2025/08/04 02:46:23 [notice] 29#29: gracefully shutting down
2025/08/04 02:46:23 [notice] 32#32: gracefully shutting down
2025/08/04 02:46:23 [notice] 33#33: gracefully shutting down
2025/08/04 02:46:23 [notice] 31#31: gracefully shutting down
2025/08/04 02:46:23 [notice] 34#34: gracefully shutting down
2025/08/04 02:46:23 [notice] 34#34: exiting
2025/08/04 02:46:23 [notice] 35#35: gracefully shutting down
2025/08/04 02:46:23 [notice] 38#38: gracefully shutting down
2025/08/04 02:46:23 [notice] 36#36: gracefully shutting down
2025/08/04 02:46:23 [notice] 37#37: gracefully shutting down
2025/08/04 02:46:23 [notice] 39#39: gracefully shutting down
2025/08/04 02:46:23 [notice] 40#40: gracefully shutting down
2025/08/04 02:46:23 [notice] 40#40: exiting
2025/08/04 02:46:23 [notice] 42#42: gracefully shutting down
2025/08/04 02:46:23 [notice] 41#41: gracefully shutting down
2025/08/04 02:46:23 [notice] 44#44: gracefully shutting down
2025/08/04 02:46:23 [notice] 43#43: gracefully shutting down
2025/08/04 02:46:23 [notice] 45#45: gracefully shutting down
2025/08/04 02:46:23 [notice] 46#46: gracefully shutting down
2025/08/04 02:46:23 [notice] 48#48: gracefully shutting down
2025/08/04 02:46:23 [notice] 47#47: gracefully shutting down
2025/08/04 02:46:23 [notice] 49#49: gracefully shutting down
2025/08/04 02:46:23 [notice] 28#28: exit
2025/08/04 02:46:23 [notice] 30#30: exit
2025/08/04 02:46:23 [notice] 29#29: exiting
2025/08/04 02:46:23 [notice] 32#32: exiting
2025/08/04 02:46:23 [notice] 33#33: exiting
2025/08/04 02:46:23 [notice] 31#31: exiting
2025/08/04 02:46:23 [notice] 34#34: exit
2025/08/04 02:46:23 [notice] 35#35: exiting
2025/08/04 02:46:23 [notice] 38#38: exiting
2025/08/04 02:46:23 [notice] 36#36: exiting
2025/08/04 02:46:23 [notice] 37#37: exiting
2025/08/04 02:46:23 [notice] 39#39: exiting
2025/08/04 02:46:23 [notice] 40#40: exit
2025/08/04 02:46:23 [notice] 42#42: exiting
2025/08/04 02:46:23 [notice] 41#41: exiting
2025/08/04 02:46:23 [notice] 44#44: exiting
2025/08/04 02:46:23 [notice] 43#43: exiting
2025/08/04 02:46:23 [notice] 45#45: exiting
2025/08/04 02:46:23 [notice] 46#46: exiting
2025/08/04 02:46:23 [notice] 48#48: exiting
2025/08/04 02:46:23 [notice] 47#47: exiting
2025/08/04 02:46:23 [notice] 49#49: exiting
2025/08/04 02:46:23 [notice] 29#29: exit
2025/08/04 02:46:23 [notice] 32#32: exit
2025/08/04 02:46:23 [notice] 33#33: exit
2025/08/04 02:46:23 [notice] 31#31: exit
2025/08/04 02:46:23 [notice] 35#35: exit
2025/08/04 02:46:23 [notice] 38#38: exit
2025/08/04 02:46:23 [notice] 36#36: exit
2025/08/04 02:46:23 [notice] 37#37: exit
2025/08/04 02:46:23 [notice] 39#39: exit
2025/08/04 02:46:23 [notice] 42#42: exit
2025/08/04 02:46:23 [notice] 41#41: exit
2025/08/04 02:46:23 [notice] 44#44: exit
2025/08/04 02:46:23 [notice] 43#43: exit
2025/08/04 02:46:23 [notice] 45#45: exit
2025/08/04 02:46:23 [notice] 46#46: exit
2025/08/04 02:46:23 [notice] 48#48: exit
2025/08/04 02:46:23 [notice] 47#47: exit
2025/08/04 02:46:23 [notice] 49#49: exit
2025/08/04 02:46:23 [notice] 1#1: signal 17 (SIGCHLD) received from 30
2025/08/04 02:46:23 [notice] 1#1: worker process 28 exited with code 0
2025/08/04 02:46:23 [notice] 1#1: worker process 30 exited with code 0
2025/08/04 02:46:23 [notice] 1#1: worker process 40 exited with code 0
2025/08/04 02:46:23 [notice] 1#1: signal 29 (SIGIO) received
2025/08/04 02:46:23 [notice] 1#1: signal 17 (SIGCHLD) received from 46
2025/08/04 02:46:23 [notice] 1#1: worker process 29 exited with code 0
2025/08/04 02:46:23 [notice] 1#1: worker process 31 exited with code 0
2025/08/04 02:46:23 [notice] 1#1: worker process 32 exited with code 0
2025/08/04 02:46:23 [notice] 1#1: worker process 33 exited with code 0
2025/08/04 02:46:23 [notice] 1#1: worker process 34 exited with code 0
2025/08/04 02:46:23 [notice] 1#1: worker process 35 exited with code 0
2025/08/04 02:46:23 [notice] 1#1: worker process 36 exited with code 0
2025/08/04 02:46:23 [notice] 1#1: worker process 37 exited with code 0
2025/08/04 02:46:23 [notice] 1#1: worker process 38 exited with code 0
2025/08/04 02:46:23 [notice] 1#1: worker process 39 exited with code 0
2025/08/04 02:46:23 [notice] 1#1: worker process 41 exited with code 0
2025/08/04 02:46:23 [notice] 1#1: worker process 42 exited with code 0
2025/08/04 02:46:23 [notice] 1#1: worker process 43 exited with code 0
2025/08/04 02:46:23 [notice] 1#1: worker process 44 exited with code 0
2025/08/04 02:46:23 [notice] 1#1: worker process 45 exited with code 0
2025/08/04 02:46:23 [notice] 1#1: worker process 46 exited with code 0
2025/08/04 02:46:23 [notice] 1#1: worker process 47 exited with code 0
2025/08/04 02:46:23 [notice] 1#1: worker process 49 exited with code 0
2025/08/04 02:46:23 [notice] 1#1: signal 29 (SIGIO) received
2025/08/04 02:46:23 [notice] 1#1: signal 17 (SIGCHLD) received from 36
2025/08/04 02:46:23 [notice] 1#1: signal 17 (SIGCHLD) received from 48
2025/08/04 02:46:23 [notice] 1#1: worker process 48 exited with code 0
2025/08/04 02:46:23 [notice] 1#1: exit
2025/08/04 02:46:35 [notice] 1#1: using the "epoll" event method
2025/08/04 02:46:35 [notice] 1#1: nginx/1.29.0
2025/08/04 02:46:35 [notice] 1#1: built by gcc 12.2.0 (Debian 12.2.0-14+deb12u1) 
2025/08/04 02:46:35 [notice] 1#1: OS: Linux 6.6.87.2-microsoft-standard-WSL2
2025/08/04 02:46:35 [notice] 1#1: getrlimit(RLIMIT_NOFILE): 1048576:1048576
2025/08/04 02:46:35 [notice] 1#1: start worker processes
2025/08/04 02:46:35 [notice] 1#1: start worker process 28
2025/08/04 02:46:35 [notice] 1#1: start worker process 29
2025/08/04 02:46:35 [notice] 1#1: start worker process 30
2025/08/04 02:46:35 [notice] 1#1: start worker process 31
2025/08/04 02:46:35 [notice] 1#1: start worker process 32
2025/08/04 02:46:35 [notice] 1#1: start worker process 33
2025/08/04 02:46:35 [notice] 1#1: start worker process 34
2025/08/04 02:46:35 [notice] 1#1: start worker process 35
2025/08/04 02:46:35 [notice] 1#1: start worker process 36
2025/08/04 02:46:35 [notice] 1#1: start worker process 37
2025/08/04 02:46:35 [notice] 1#1: start worker process 38
2025/08/04 02:46:35 [notice] 1#1: start worker process 39
2025/08/04 02:46:35 [notice] 1#1: start worker process 40
2025/08/04 02:46:35 [notice] 1#1: start worker process 41
2025/08/04 02:46:35 [notice] 1#1: start worker process 42
2025/08/04 02:46:35 [notice] 1#1: start worker process 43
2025/08/04 02:46:35 [notice] 1#1: start worker process 44
2025/08/04 02:46:35 [notice] 1#1: start worker process 45
2025/08/04 02:46:35 [notice] 1#1: start worker process 46
2025/08/04 02:46:35 [notice] 1#1: start worker process 47
2025/08/04 02:46:35 [notice] 1#1: start worker process 48
2025/08/04 02:46:35 [notice] 1#1: start worker process 49
2025/08/04 02:48:02 [notice] 1#1: signal 3 (SIGQUIT) received, shutting down
2025/08/04 02:48:02 [notice] 28#28: gracefully shutting down
2025/08/04 02:48:02 [notice] 29#29: gracefully shutting down
2025/08/04 02:48:02 [notice] 31#31: gracefully shutting down
2025/08/04 02:48:02 [notice] 33#33: gracefully shutting down
2025/08/04 02:48:02 [notice] 32#32: gracefully shutting down
2025/08/04 02:48:02 [notice] 34#34: gracefully shutting down
2025/08/04 02:48:02 [notice] 30#30: gracefully shutting down
2025/08/04 02:48:02 [notice] 35#35: gracefully shutting down
2025/08/04 02:48:02 [notice] 36#36: gracefully shutting down
2025/08/04 02:48:02 [notice] 37#37: gracefully shutting down
2025/08/04 02:48:02 [notice] 37#37: exiting
2025/08/04 02:48:02 [notice] 39#39: gracefully shutting down
2025/08/04 02:48:02 [notice] 38#38: gracefully shutting down
2025/08/04 02:48:02 [notice] 41#41: gracefully shutting down
2025/08/04 02:48:02 [notice] 40#40: gracefully shutting down
2025/08/04 02:48:02 [notice] 42#42: gracefully shutting down
2025/08/04 02:48:02 [notice] 45#45: gracefully shutting down
2025/08/04 02:48:02 [notice] 44#44: gracefully shutting down
2025/08/04 02:48:02 [notice] 47#47: gracefully shutting down
2025/08/04 02:48:02 [notice] 43#43: gracefully shutting down
2025/08/04 02:48:02 [notice] 49#49: gracefully shutting down
2025/08/04 02:48:02 [notice] 46#46: gracefully shutting down
2025/08/04 02:48:02 [notice] 48#48: gracefully shutting down
2025/08/04 02:48:02 [notice] 28#28: exiting
2025/08/04 02:48:02 [notice] 29#29: exiting
2025/08/04 02:48:02 [notice] 31#31: exiting
2025/08/04 02:48:02 [notice] 33#33: exiting
2025/08/04 02:48:02 [notice] 32#32: exiting
2025/08/04 02:48:02 [notice] 34#34: exiting
2025/08/04 02:48:02 [notice] 30#30: exiting
2025/08/04 02:48:02 [notice] 35#35: exiting
2025/08/04 02:48:02 [notice] 36#36: exiting
2025/08/04 02:48:02 [notice] 37#37: exit
2025/08/04 02:48:02 [notice] 39#39: exiting
2025/08/04 02:48:02 [notice] 38#38: exiting
2025/08/04 02:48:02 [notice] 41#41: exiting
2025/08/04 02:48:02 [notice] 40#40: exiting
2025/08/04 02:48:02 [notice] 42#42: exiting
2025/08/04 02:48:02 [notice] 45#45: exiting
2025/08/04 02:48:02 [notice] 44#44: exiting
2025/08/04 02:48:02 [notice] 47#47: exiting
2025/08/04 02:48:02 [notice] 43#43: exiting
2025/08/04 02:48:02 [notice] 49#49: exiting
2025/08/04 02:48:02 [notice] 46#46: exiting
2025/08/04 02:48:02 [notice] 48#48: exiting
2025/08/04 02:48:02 [notice] 48#48: exit
2025/08/04 02:48:02 [notice] 28#28: exit
2025/08/04 02:48:02 [notice] 29#29: exit
2025/08/04 02:48:02 [notice] 31#31: exit
2025/08/04 02:48:02 [notice] 33#33: exit
2025/08/04 02:48:02 [notice] 32#32: exit
2025/08/04 02:48:02 [notice] 34#34: exit
2025/08/04 02:48:02 [notice] 30#30: exit
2025/08/04 02:48:02 [notice] 35#35: exit
2025/08/04 02:48:02 [notice] 36#36: exit
2025/08/04 02:48:02 [notice] 39#39: exit
2025/08/04 02:48:02 [notice] 38#38: exit
2025/08/04 02:48:02 [notice] 41#41: exit
2025/08/04 02:48:02 [notice] 40#40: exit
2025/08/04 02:48:02 [notice] 42#42: exit
2025/08/04 02:48:02 [notice] 45#45: exit
2025/08/04 02:48:02 [notice] 44#44: exit
2025/08/04 02:48:02 [notice] 47#47: exit
2025/08/04 02:48:02 [notice] 43#43: exit
2025/08/04 02:48:02 [notice] 49#49: exit
2025/08/04 02:48:02 [notice] 46#46: exit
2025/08/04 02:48:02 [notice] 1#1: signal 17 (SIGCHLD) received from 39
2025/08/04 02:48:02 [notice] 1#1: worker process 32 exited with code 0
2025/08/04 02:48:02 [notice] 1#1: worker process 39 exited with code 0
2025/08/04 02:48:02 [notice] 1#1: worker process 45 exited with code 0
2025/08/04 02:48:02 [notice] 1#1: signal 29 (SIGIO) received
2025/08/04 02:48:02 [notice] 1#1: signal 17 (SIGCHLD) received from 34
2025/08/04 02:48:02 [notice] 1#1: worker process 34 exited with code 0
2025/08/04 02:48:02 [notice] 1#1: worker process 48 exited with code 0
2025/08/04 02:48:02 [notice] 1#1: signal 29 (SIGIO) received
2025/08/04 02:48:02 [notice] 1#1: signal 17 (SIGCHLD) received from 44
2025/08/04 02:48:02 [notice] 1#1: worker process 28 exited with code 0
2025/08/04 02:48:02 [notice] 1#1: worker process 29 exited with code 0
2025/08/04 02:48:02 [notice] 1#1: worker process 30 exited with code 0
2025/08/04 02:48:02 [notice] 1#1: worker process 31 exited with code 0
2025/08/04 02:48:02 [notice] 1#1: worker process 35 exited with code 0
2025/08/04 02:48:02 [notice] 1#1: worker process 36 exited with code 0
2025/08/04 02:48:02 [notice] 1#1: worker process 37 exited with code 0
2025/08/04 02:48:02 [notice] 1#1: worker process 38 exited with code 0
2025/08/04 02:48:02 [notice] 1#1: worker process 42 exited with code 0
2025/08/04 02:48:02 [notice] 1#1: worker process 43 exited with code 0
2025/08/04 02:48:02 [notice] 1#1: worker process 44 exited with code 0
2025/08/04 02:48:02 [notice] 1#1: signal 29 (SIGIO) received
2025/08/04 02:48:02 [notice] 1#1: signal 17 (SIGCHLD) received from 28
2025/08/04 02:48:02 [notice] 1#1: signal 17 (SIGCHLD) received from 49
2025/08/04 02:48:02 [notice] 1#1: worker process 33 exited with code 0
2025/08/04 02:48:02 [notice] 1#1: worker process 40 exited with code 0
2025/08/04 02:48:02 [notice] 1#1: worker process 41 exited with code 0
2025/08/04 02:48:02 [notice] 1#1: worker process 46 exited with code 0
2025/08/04 02:48:02 [notice] 1#1: worker process 47 exited with code 0
2025/08/04 02:48:02 [notice] 1#1: worker process 49 exited with code 0
2025/08/04 02:48:02 [notice] 1#1: exit
2025/08/04 02:48:20 [notice] 1#1: using the "epoll" event method
2025/08/04 02:48:20 [notice] 1#1: nginx/1.29.0
2025/08/04 02:48:20 [notice] 1#1: built by gcc 12.2.0 (Debian 12.2.0-14+deb12u1) 
2025/08/04 02:48:20 [notice] 1#1: OS: Linux 6.6.87.2-microsoft-standard-WSL2
2025/08/04 02:48:20 [notice] 1#1: getrlimit(RLIMIT_NOFILE): 1048576:1048576
2025/08/04 02:48:20 [notice] 1#1: start worker processes
2025/08/04 02:48:20 [notice] 1#1: start worker process 28
2025/08/04 02:48:20 [notice] 1#1: start worker process 29
2025/08/04 02:48:20 [notice] 1#1: start worker process 30
2025/08/04 02:48:20 [notice] 1#1: start worker process 31
2025/08/04 02:48:20 [notice] 1#1: start worker process 32
2025/08/04 02:48:20 [notice] 1#1: start worker process 33
2025/08/04 02:48:20 [notice] 1#1: start worker process 34
2025/08/04 02:48:20 [notice] 1#1: start worker process 35
2025/08/04 02:48:20 [notice] 1#1: start worker process 36
2025/08/04 02:48:20 [notice] 1#1: start worker process 37
2025/08/04 02:48:20 [notice] 1#1: start worker process 38
2025/08/04 02:48:20 [notice] 1#1: start worker process 39
2025/08/04 02:48:20 [notice] 1#1: start worker process 40
2025/08/04 02:48:20 [notice] 1#1: start worker process 41
2025/08/04 02:48:20 [notice] 1#1: start worker process 42
2025/08/04 02:48:20 [notice] 1#1: start worker process 43
2025/08/04 02:48:20 [notice] 1#1: start worker process 44
2025/08/04 02:48:20 [notice] 1#1: start worker process 45
2025/08/04 02:48:20 [notice] 1#1: start worker process 46
2025/08/04 02:48:20 [notice] 1#1: start worker process 47
2025/08/04 02:48:20 [notice] 1#1: start worker process 48
2025/08/04 02:48:20 [notice] 1#1: start worker process 49
2025/08/04 02:50:36 [notice] 1#1: signal 3 (SIGQUIT) received, shutting down
2025/08/04 02:50:36 [notice] 28#28: gracefully shutting down
2025/08/04 02:50:36 [notice] 29#29: gracefully shutting down
2025/08/04 02:50:36 [notice] 30#30: gracefully shutting down
2025/08/04 02:50:36 [notice] 32#32: gracefully shutting down
2025/08/04 02:50:36 [notice] 33#33: gracefully shutting down
2025/08/04 02:50:36 [notice] 31#31: gracefully shutting down
2025/08/04 02:50:36 [notice] 34#34: gracefully shutting down
2025/08/04 02:50:36 [notice] 37#37: gracefully shutting down
2025/08/04 02:50:36 [notice] 35#35: gracefully shutting down
2025/08/04 02:50:36 [notice] 36#36: gracefully shutting down
2025/08/04 02:50:36 [notice] 38#38: gracefully shutting down
2025/08/04 02:50:36 [notice] 40#40: gracefully shutting down
2025/08/04 02:50:36 [notice] 39#39: gracefully shutting down
2025/08/04 02:50:36 [notice] 43#43: gracefully shutting down
2025/08/04 02:50:36 [notice] 41#41: gracefully shutting down
2025/08/04 02:50:36 [notice] 42#42: gracefully shutting down
2025/08/04 02:50:36 [notice] 44#44: gracefully shutting down
2025/08/04 02:50:36 [notice] 45#45: gracefully shutting down
2025/08/04 02:50:36 [notice] 47#47: gracefully shutting down
2025/08/04 02:50:36 [notice] 46#46: gracefully shutting down
2025/08/04 02:50:36 [notice] 48#48: gracefully shutting down
2025/08/04 02:50:36 [notice] 49#49: gracefully shutting down
2025/08/04 02:50:36 [notice] 28#28: exiting
2025/08/04 02:50:36 [notice] 29#29: exiting
2025/08/04 02:50:36 [notice] 30#30: exiting
2025/08/04 02:50:36 [notice] 32#32: exiting
2025/08/04 02:50:36 [notice] 33#33: exiting
2025/08/04 02:50:36 [notice] 31#31: exiting
2025/08/04 02:50:36 [notice] 34#34: exiting
2025/08/04 02:50:36 [notice] 37#37: exiting
2025/08/04 02:50:36 [notice] 35#35: exiting
2025/08/04 02:50:36 [notice] 36#36: exiting
2025/08/04 02:50:36 [notice] 38#38: exiting
2025/08/04 02:50:36 [notice] 40#40: exiting
2025/08/04 02:50:36 [notice] 39#39: exiting
2025/08/04 02:50:36 [notice] 43#43: exiting
2025/08/04 02:50:36 [notice] 41#41: exiting
2025/08/04 02:50:36 [notice] 42#42: exiting
2025/08/04 02:50:36 [notice] 44#44: exiting
2025/08/04 02:50:36 [notice] 45#45: exiting
2025/08/04 02:50:36 [notice] 47#47: exiting
2025/08/04 02:50:36 [notice] 46#46: exiting
2025/08/04 02:50:36 [notice] 48#48: exiting
2025/08/04 02:50:36 [notice] 49#49: exiting
2025/08/04 02:50:36 [notice] 28#28: exit
2025/08/04 02:50:36 [notice] 29#29: exit
2025/08/04 02:50:36 [notice] 30#30: exit
2025/08/04 02:50:36 [notice] 32#32: exit
2025/08/04 02:50:36 [notice] 33#33: exit
2025/08/04 02:50:36 [notice] 31#31: exit
2025/08/04 02:50:36 [notice] 34#34: exit
2025/08/04 02:50:36 [notice] 37#37: exit
2025/08/04 02:50:36 [notice] 35#35: exit
2025/08/04 02:50:36 [notice] 36#36: exit
2025/08/04 02:50:36 [notice] 38#38: exit
2025/08/04 02:50:36 [notice] 40#40: exit
2025/08/04 02:50:36 [notice] 39#39: exit
2025/08/04 02:50:36 [notice] 43#43: exit
2025/08/04 02:50:36 [notice] 41#41: exit
2025/08/04 02:50:36 [notice] 42#42: exit
2025/08/04 02:50:36 [notice] 44#44: exit
2025/08/04 02:50:36 [notice] 45#45: exit
2025/08/04 02:50:36 [notice] 47#47: exit
2025/08/04 02:50:36 [notice] 46#46: exit
2025/08/04 02:50:36 [notice] 48#48: exit
2025/08/04 02:50:36 [notice] 49#49: exit
2025/08/04 02:50:37 [notice] 1#1: signal 17 (SIGCHLD) received from 36
2025/08/04 02:50:37 [notice] 1#1: worker process 28 exited with code 0
2025/08/04 02:50:37 [notice] 1#1: worker process 29 exited with code 0
2025/08/04 02:50:37 [notice] 1#1: worker process 30 exited with code 0
2025/08/04 02:50:37 [notice] 1#1: worker process 31 exited with code 0
2025/08/04 02:50:37 [notice] 1#1: worker process 32 exited with code 0
2025/08/04 02:50:37 [notice] 1#1: worker process 33 exited with code 0
2025/08/04 02:50:37 [notice] 1#1: worker process 34 exited with code 0
2025/08/04 02:50:37 [notice] 1#1: worker process 35 exited with code 0
2025/08/04 02:50:37 [notice] 1#1: worker process 36 exited with code 0
2025/08/04 02:50:37 [notice] 1#1: worker process 37 exited with code 0
2025/08/04 02:50:37 [notice] 1#1: worker process 38 exited with code 0
2025/08/04 02:50:37 [notice] 1#1: worker process 39 exited with code 0
2025/08/04 02:50:37 [notice] 1#1: worker process 40 exited with code 0
2025/08/04 02:50:37 [notice] 1#1: worker process 41 exited with code 0
2025/08/04 02:50:37 [notice] 1#1: worker process 43 exited with code 0
2025/08/04 02:50:37 [notice] 1#1: signal 29 (SIGIO) received
2025/08/04 02:50:37 [notice] 1#1: signal 17 (SIGCHLD) received from 34
2025/08/04 02:50:37 [notice] 1#1: signal 17 (SIGCHLD) received from 44
2025/08/04 02:50:37 [notice] 1#1: worker process 42 exited with code 0
2025/08/04 02:50:37 [notice] 1#1: worker process 44 exited with code 0
2025/08/04 02:50:37 [notice] 1#1: worker process 48 exited with code 0
2025/08/04 02:50:37 [notice] 1#1: signal 29 (SIGIO) received
2025/08/04 02:50:37 [notice] 1#1: signal 17 (SIGCHLD) received from 42
2025/08/04 02:50:37 [notice] 1#1: signal 17 (SIGCHLD) received from 45
2025/08/04 02:50:37 [notice] 1#1: worker process 45 exited with code 0
2025/08/04 02:50:37 [notice] 1#1: worker process 46 exited with code 0
2025/08/04 02:50:37 [notice] 1#1: worker process 47 exited with code 0
2025/08/04 02:50:37 [notice] 1#1: worker process 49 exited with code 0
2025/08/04 02:50:37 [notice] 1#1: exit
2025/08/04 02:50:43 [notice] 1#1: using the "epoll" event method
2025/08/04 02:50:43 [notice] 1#1: nginx/1.29.0
2025/08/04 02:50:43 [notice] 1#1: built by gcc 12.2.0 (Debian 12.2.0-14+deb12u1) 
2025/08/04 02:50:43 [notice] 1#1: OS: Linux 6.6.87.2-microsoft-standard-WSL2
2025/08/04 02:50:43 [notice] 1#1: getrlimit(RLIMIT_NOFILE): 1048576:1048576
2025/08/04 02:50:43 [notice] 1#1: start worker processes
2025/08/04 02:50:43 [notice] 1#1: start worker process 28
2025/08/04 02:50:43 [notice] 1#1: start worker process 29
2025/08/04 02:50:43 [notice] 1#1: start worker process 30
2025/08/04 02:50:43 [notice] 1#1: start worker process 31
2025/08/04 02:50:43 [notice] 1#1: start worker process 32
2025/08/04 02:50:43 [notice] 1#1: start worker process 33
2025/08/04 02:50:43 [notice] 1#1: start worker process 34
2025/08/04 02:50:43 [notice] 1#1: start worker process 35
2025/08/04 02:50:43 [notice] 1#1: start worker process 36
2025/08/04 02:50:43 [notice] 1#1: start worker process 37
2025/08/04 02:50:43 [notice] 1#1: start worker process 38
2025/08/04 02:50:43 [notice] 1#1: start worker process 39
2025/08/04 02:50:43 [notice] 1#1: start worker process 40
2025/08/04 02:50:43 [notice] 1#1: start worker process 41
2025/08/04 02:50:43 [notice] 1#1: start worker process 42
2025/08/04 02:50:43 [notice] 1#1: start worker process 43
2025/08/04 02:50:43 [notice] 1#1: start worker process 44
2025/08/04 02:50:43 [notice] 1#1: start worker process 45
2025/08/04 02:50:43 [notice] 1#1: start worker process 46
2025/08/04 02:50:43 [notice] 1#1: start worker process 47
2025/08/04 02:50:43 [notice] 1#1: start worker process 48
2025/08/04 02:50:43 [notice] 1#1: start worker process 49
2025/08/04 02:57:20 [notice] 1#1: signal 3 (SIGQUIT) received, shutting down
2025/08/04 02:57:20 [notice] 28#28: gracefully shutting down
2025/08/04 02:57:20 [notice] 29#29: gracefully shutting down
2025/08/04 02:57:20 [notice] 30#30: gracefully shutting down
2025/08/04 02:57:20 [notice] 33#33: gracefully shutting down
2025/08/04 02:57:20 [notice] 32#32: gracefully shutting down
2025/08/04 02:57:20 [notice] 34#34: gracefully shutting down
2025/08/04 02:57:20 [notice] 37#37: gracefully shutting down
2025/08/04 02:57:20 [notice] 39#39: gracefully shutting down
2025/08/04 02:57:20 [notice] 40#40: gracefully shutting down
2025/08/04 02:57:20 [notice] 42#42: gracefully shutting down
2025/08/04 02:57:20 [notice] 45#45: gracefully shutting down
2025/08/04 02:57:20 [notice] 38#38: gracefully shutting down
2025/08/04 02:57:20 [notice] 44#44: gracefully shutting down
2025/08/04 02:57:20 [notice] 31#31: gracefully shutting down
2025/08/04 02:57:20 [notice] 48#48: gracefully shutting down
2025/08/04 02:57:20 [notice] 41#41: gracefully shutting down
2025/08/04 02:57:20 [notice] 49#49: gracefully shutting down
2025/08/04 02:57:20 [notice] 35#35: gracefully shutting down
2025/08/04 02:57:20 [notice] 47#47: gracefully shutting down
2025/08/04 02:57:20 [notice] 28#28: exiting
2025/08/04 02:57:20 [notice] 36#36: gracefully shutting down
2025/08/04 02:57:20 [notice] 43#43: gracefully shutting down
2025/08/04 02:57:20 [notice] 46#46: gracefully shutting down
2025/08/04 02:57:20 [notice] 29#29: exiting
2025/08/04 02:57:20 [notice] 30#30: exiting
2025/08/04 02:57:20 [notice] 33#33: exiting
2025/08/04 02:57:20 [notice] 32#32: exiting
2025/08/04 02:57:20 [notice] 34#34: exiting
2025/08/04 02:57:20 [notice] 37#37: exiting
2025/08/04 02:57:20 [notice] 39#39: exiting
2025/08/04 02:57:20 [notice] 40#40: exiting
2025/08/04 02:57:20 [notice] 42#42: exiting
2025/08/04 02:57:20 [notice] 45#45: exiting
2025/08/04 02:57:20 [notice] 38#38: exiting
2025/08/04 02:57:20 [notice] 44#44: exiting
2025/08/04 02:57:20 [notice] 31#31: exiting
2025/08/04 02:57:20 [notice] 48#48: exiting
2025/08/04 02:57:20 [notice] 41#41: exiting
2025/08/04 02:57:20 [notice] 49#49: exiting
2025/08/04 02:57:20 [notice] 35#35: exiting
2025/08/04 02:57:20 [notice] 47#47: exiting
2025/08/04 02:57:20 [notice] 28#28: exit
2025/08/04 02:57:20 [notice] 36#36: exiting
2025/08/04 02:57:20 [notice] 43#43: exiting
2025/08/04 02:57:20 [notice] 46#46: exiting
2025/08/04 02:57:20 [notice] 29#29: exit
2025/08/04 02:57:20 [notice] 30#30: exit
2025/08/04 02:57:20 [notice] 33#33: exit
2025/08/04 02:57:20 [notice] 32#32: exit
2025/08/04 02:57:20 [notice] 34#34: exit
2025/08/04 02:57:20 [notice] 37#37: exit
2025/08/04 02:57:20 [notice] 39#39: exit
2025/08/04 02:57:20 [notice] 40#40: exit
2025/08/04 02:57:20 [notice] 42#42: exit
2025/08/04 02:57:20 [notice] 45#45: exit
2025/08/04 02:57:20 [notice] 38#38: exit
2025/08/04 02:57:20 [notice] 44#44: exit
2025/08/04 02:57:20 [notice] 31#31: exit
2025/08/04 02:57:20 [notice] 48#48: exit
2025/08/04 02:57:20 [notice] 41#41: exit
2025/08/04 02:57:20 [notice] 49#49: exit
2025/08/04 02:57:20 [notice] 35#35: exit
2025/08/04 02:57:20 [notice] 47#47: exit
2025/08/04 02:57:20 [notice] 36#36: exit
2025/08/04 02:57:20 [notice] 43#43: exit
2025/08/04 02:57:20 [notice] 46#46: exit
2025/08/04 02:57:20 [notice] 1#1: signal 17 (SIGCHLD) received from 33
2025/08/04 02:57:20 [notice] 1#1: worker process 33 exited with code 0
2025/08/04 02:57:20 [notice] 1#1: signal 29 (SIGIO) received
2025/08/04 02:57:20 [notice] 1#1: signal 17 (SIGCHLD) received from 32
2025/08/04 02:57:20 [notice] 1#1: worker process 28 exited with code 0
2025/08/04 02:57:20 [notice] 1#1: worker process 30 exited with code 0
2025/08/04 02:57:20 [notice] 1#1: worker process 32 exited with code 0
2025/08/04 02:57:20 [notice] 1#1: worker process 34 exited with code 0
2025/08/04 02:57:20 [notice] 1#1: worker process 42 exited with code 0
2025/08/04 02:57:20 [notice] 1#1: signal 29 (SIGIO) received
2025/08/04 02:57:20 [notice] 1#1: signal 17 (SIGCHLD) received from 34
2025/08/04 02:57:20 [notice] 1#1: signal 17 (SIGCHLD) received from 35
2025/08/04 02:57:20 [notice] 1#1: worker process 29 exited with code 0
2025/08/04 02:57:20 [notice] 1#1: worker process 31 exited with code 0
2025/08/04 02:57:20 [notice] 1#1: worker process 35 exited with code 0
2025/08/04 02:57:20 [notice] 1#1: worker process 36 exited with code 0
2025/08/04 02:57:20 [notice] 1#1: worker process 37 exited with code 0
2025/08/04 02:57:20 [notice] 1#1: worker process 38 exited with code 0
2025/08/04 02:57:20 [notice] 1#1: worker process 39 exited with code 0
2025/08/04 02:57:20 [notice] 1#1: worker process 40 exited with code 0
2025/08/04 02:57:20 [notice] 1#1: worker process 41 exited with code 0
2025/08/04 02:57:20 [notice] 1#1: worker process 43 exited with code 0
2025/08/04 02:57:20 [notice] 1#1: worker process 44 exited with code 0
2025/08/04 02:57:20 [notice] 1#1: worker process 45 exited with code 0
2025/08/04 02:57:20 [notice] 1#1: worker process 46 exited with code 0
2025/08/04 02:57:20 [notice] 1#1: worker process 47 exited with code 0
2025/08/04 02:57:20 [notice] 1#1: worker process 48 exited with code 0
2025/08/04 02:57:20 [notice] 1#1: worker process 49 exited with code 0
2025/08/04 02:57:20 [notice] 1#1: exit
2025/08/04 02:57:56 [notice] 1#1: using the "epoll" event method
2025/08/04 02:57:56 [notice] 1#1: nginx/1.29.0
2025/08/04 02:57:56 [notice] 1#1: built by gcc 12.2.0 (Debian 12.2.0-14+deb12u1) 
2025/08/04 02:57:56 [notice] 1#1: OS: Linux 6.6.87.2-microsoft-standard-WSL2
2025/08/04 02:57:56 [notice] 1#1: getrlimit(RLIMIT_NOFILE): 1048576:1048576
2025/08/04 02:57:56 [notice] 1#1: start worker processes
2025/08/04 02:57:56 [notice] 1#1: start worker process 28
2025/08/04 02:57:56 [notice] 1#1: start worker process 29
2025/08/04 02:57:56 [notice] 1#1: start worker process 30
2025/08/04 02:57:56 [notice] 1#1: start worker process 31
2025/08/04 02:57:56 [notice] 1#1: start worker process 32
2025/08/04 02:57:56 [notice] 1#1: start worker process 33
2025/08/04 02:57:56 [notice] 1#1: start worker process 34
2025/08/04 02:57:56 [notice] 1#1: start worker process 35
2025/08/04 02:57:56 [notice] 1#1: start worker process 36
2025/08/04 02:57:56 [notice] 1#1: start worker process 37
2025/08/04 02:57:56 [notice] 1#1: start worker process 38
2025/08/04 02:57:56 [notice] 1#1: start worker process 39
2025/08/04 02:57:56 [notice] 1#1: start worker process 40
2025/08/04 02:57:56 [notice] 1#1: start worker process 41
2025/08/04 02:57:56 [notice] 1#1: start worker process 42
2025/08/04 02:57:56 [notice] 1#1: start worker process 43
2025/08/04 02:57:56 [notice] 1#1: start worker process 44
2025/08/04 02:57:56 [notice] 1#1: start worker process 45
2025/08/04 02:57:56 [notice] 1#1: start worker process 46
2025/08/04 02:57:56 [notice] 1#1: start worker process 47
2025/08/04 02:57:56 [notice] 1#1: start worker process 48
2025/08/04 02:57:56 [notice] 1#1: start worker process 49
2025/08/04 03:02:09 [notice] 1#1: signal 3 (SIGQUIT) received, shutting down
2025/08/04 03:02:09 [notice] 28#28: gracefully shutting down
2025/08/04 03:02:09 [notice] 29#29: gracefully shutting down
2025/08/04 03:02:09 [notice] 30#30: gracefully shutting down
2025/08/04 03:02:09 [notice] 31#31: gracefully shutting down
2025/08/04 03:02:09 [notice] 33#33: gracefully shutting down
2025/08/04 03:02:09 [notice] 34#34: gracefully shutting down
2025/08/04 03:02:09 [notice] 35#35: gracefully shutting down
2025/08/04 03:02:09 [notice] 36#36: gracefully shutting down
2025/08/04 03:02:09 [notice] 37#37: gracefully shutting down
2025/08/04 03:02:09 [notice] 38#38: gracefully shutting down
2025/08/04 03:02:09 [notice] 41#41: gracefully shutting down
2025/08/04 03:02:09 [notice] 32#32: gracefully shutting down
2025/08/04 03:02:09 [notice] 40#40: gracefully shutting down
2025/08/04 03:02:09 [notice] 43#43: gracefully shutting down
2025/08/04 03:02:09 [notice] 39#39: gracefully shutting down
2025/08/04 03:02:09 [notice] 44#44: gracefully shutting down
2025/08/04 03:02:09 [notice] 46#46: gracefully shutting down
2025/08/04 03:02:09 [notice] 45#45: gracefully shutting down
2025/08/04 03:02:09 [notice] 47#47: gracefully shutting down
2025/08/04 03:02:09 [notice] 49#49: gracefully shutting down
2025/08/04 03:02:09 [notice] 48#48: gracefully shutting down
2025/08/04 03:02:09 [notice] 42#42: gracefully shutting down
2025/08/04 03:02:09 [notice] 28#28: exiting
2025/08/04 03:02:09 [notice] 29#29: exiting
2025/08/04 03:02:09 [notice] 30#30: exiting
2025/08/04 03:02:09 [notice] 31#31: exiting
2025/08/04 03:02:09 [notice] 33#33: exiting
2025/08/04 03:02:09 [notice] 34#34: exiting
2025/08/04 03:02:09 [notice] 35#35: exiting
2025/08/04 03:02:09 [notice] 36#36: exiting
2025/08/04 03:02:09 [notice] 37#37: exiting
2025/08/04 03:02:09 [notice] 38#38: exiting
2025/08/04 03:02:09 [notice] 41#41: exiting
2025/08/04 03:02:09 [notice] 32#32: exiting
2025/08/04 03:02:09 [notice] 40#40: exiting
2025/08/04 03:02:09 [notice] 43#43: exiting
2025/08/04 03:02:09 [notice] 39#39: exiting
2025/08/04 03:02:09 [notice] 44#44: exiting
2025/08/04 03:02:09 [notice] 46#46: exiting
2025/08/04 03:02:09 [notice] 45#45: exiting
2025/08/04 03:02:09 [notice] 47#47: exiting
2025/08/04 03:02:09 [notice] 49#49: exiting
2025/08/04 03:02:09 [notice] 48#48: exiting
2025/08/04 03:02:09 [notice] 42#42: exiting
2025/08/04 03:02:09 [notice] 28#28: exit
2025/08/04 03:02:09 [notice] 29#29: exit
2025/08/04 03:02:09 [notice] 30#30: exit
2025/08/04 03:02:09 [notice] 31#31: exit
2025/08/04 03:02:09 [notice] 33#33: exit
2025/08/04 03:02:09 [notice] 34#34: exit
2025/08/04 03:02:09 [notice] 35#35: exit
2025/08/04 03:02:09 [notice] 36#36: exit
2025/08/04 03:02:09 [notice] 37#37: exit
2025/08/04 03:02:09 [notice] 38#38: exit
2025/08/04 03:02:09 [notice] 41#41: exit
2025/08/04 03:02:09 [notice] 32#32: exit
2025/08/04 03:02:09 [notice] 40#40: exit
2025/08/04 03:02:09 [notice] 43#43: exit
2025/08/04 03:02:09 [notice] 39#39: exit
2025/08/04 03:02:09 [notice] 44#44: exit
2025/08/04 03:02:09 [notice] 46#46: exit
2025/08/04 03:02:09 [notice] 45#45: exit
2025/08/04 03:02:09 [notice] 47#47: exit
2025/08/04 03:02:09 [notice] 49#49: exit
2025/08/04 03:02:09 [notice] 48#48: exit
2025/08/04 03:02:09 [notice] 42#42: exit
2025/08/04 03:02:09 [notice] 1#1: signal 17 (SIGCHLD) received from 36
2025/08/04 03:02:09 [notice] 1#1: worker process 36 exited with code 0
2025/08/04 03:02:09 [notice] 1#1: signal 29 (SIGIO) received
2025/08/04 03:02:09 [notice] 1#1: signal 17 (SIGCHLD) received from 45
2025/08/04 03:02:09 [notice] 1#1: worker process 45 exited with code 0
2025/08/04 03:02:09 [notice] 1#1: signal 29 (SIGIO) received
2025/08/04 03:02:09 [notice] 1#1: signal 17 (SIGCHLD) received from 42
2025/08/04 03:02:09 [notice] 1#1: worker process 28 exited with code 0
2025/08/04 03:02:09 [notice] 1#1: worker process 29 exited with code 0
2025/08/04 03:02:09 [notice] 1#1: worker process 30 exited with code 0
2025/08/04 03:02:09 [notice] 1#1: worker process 31 exited with code 0
2025/08/04 03:02:09 [notice] 1#1: worker process 33 exited with code 0
2025/08/04 03:02:09 [notice] 1#1: worker process 34 exited with code 0
2025/08/04 03:02:09 [notice] 1#1: worker process 35 exited with code 0
2025/08/04 03:02:09 [notice] 1#1: worker process 38 exited with code 0
2025/08/04 03:02:09 [notice] 1#1: worker process 40 exited with code 0
2025/08/04 03:02:09 [notice] 1#1: worker process 41 exited with code 0
2025/08/04 03:02:09 [notice] 1#1: worker process 42 exited with code 0
2025/08/04 03:02:09 [notice] 1#1: worker process 43 exited with code 0
2025/08/04 03:02:09 [notice] 1#1: worker process 44 exited with code 0
2025/08/04 03:02:09 [notice] 1#1: worker process 46 exited with code 0
2025/08/04 03:02:09 [notice] 1#1: worker process 37 exited with code 0
2025/08/04 03:02:09 [notice] 1#1: worker process 32 exited with code 0
2025/08/04 03:02:09 [notice] 1#1: worker process 39 exited with code 0
2025/08/04 03:02:09 [notice] 1#1: worker process 47 exited with code 0
2025/08/04 03:02:09 [notice] 1#1: worker process 48 exited with code 0
2025/08/04 03:02:09 [notice] 1#1: worker process 49 exited with code 0
2025/08/04 03:02:09 [notice] 1#1: exit
2025/08/04 03:04:57 [notice] 1#1: using the "epoll" event method
2025/08/04 03:04:57 [notice] 1#1: nginx/1.29.0
2025/08/04 03:04:57 [notice] 1#1: built by gcc 12.2.0 (Debian 12.2.0-14+deb12u1) 
2025/08/04 03:04:57 [notice] 1#1: OS: Linux 6.6.87.2-microsoft-standard-WSL2
2025/08/04 03:04:57 [notice] 1#1: getrlimit(RLIMIT_NOFILE): 1048576:1048576
2025/08/04 03:04:57 [notice] 1#1: start worker processes
2025/08/04 03:04:57 [notice] 1#1: start worker process 29
2025/08/04 03:04:57 [notice] 1#1: start worker process 30
2025/08/04 03:04:57 [notice] 1#1: start worker process 31
2025/08/04 03:04:57 [notice] 1#1: start worker process 32
2025/08/04 03:04:57 [notice] 1#1: start worker process 33
2025/08/04 03:04:57 [notice] 1#1: start worker process 34
2025/08/04 03:04:57 [notice] 1#1: start worker process 35
2025/08/04 03:04:57 [notice] 1#1: start worker process 36
2025/08/04 03:04:57 [notice] 1#1: start worker process 37
2025/08/04 03:04:57 [notice] 1#1: start worker process 38
2025/08/04 03:04:57 [notice] 1#1: start worker process 39
2025/08/04 03:04:57 [notice] 1#1: start worker process 40
2025/08/04 03:04:57 [notice] 1#1: start worker process 41
2025/08/04 03:04:57 [notice] 1#1: start worker process 42
2025/08/04 03:04:57 [notice] 1#1: start worker process 43
2025/08/04 03:04:57 [notice] 1#1: start worker process 44
2025/08/04 03:04:57 [notice] 1#1: start worker process 45
2025/08/04 03:04:57 [notice] 1#1: start worker process 46
2025/08/04 03:04:57 [notice] 1#1: start worker process 47
2025/08/04 03:04:57 [notice] 1#1: start worker process 48
2025/08/04 03:04:57 [notice] 1#1: start worker process 49
2025/08/04 03:04:57 [notice] 1#1: start worker process 50
2025/08/04 03:45:52 [notice] 1#1: using the "epoll" event method
2025/08/04 03:45:52 [notice] 1#1: nginx/1.29.0
2025/08/04 03:45:52 [notice] 1#1: built by gcc 12.2.0 (Debian 12.2.0-14+deb12u1) 
2025/08/04 03:45:52 [notice] 1#1: OS: Linux 6.6.87.2-microsoft-standard-WSL2
2025/08/04 03:45:52 [notice] 1#1: getrlimit(RLIMIT_NOFILE): 1048576:1048576
2025/08/04 03:45:52 [notice] 1#1: start worker processes
2025/08/04 03:45:52 [notice] 1#1: start worker process 28
2025/08/04 03:45:52 [notice] 1#1: start worker process 29
2025/08/04 03:45:52 [notice] 1#1: start worker process 30
2025/08/04 03:45:52 [notice] 1#1: start worker process 31
2025/08/04 03:45:52 [notice] 1#1: start worker process 32
2025/08/04 03:45:52 [notice] 1#1: start worker process 33
2025/08/04 03:45:52 [notice] 1#1: start worker process 34
2025/08/04 03:45:52 [notice] 1#1: start worker process 35
2025/08/04 03:45:52 [notice] 1#1: start worker process 36
2025/08/04 03:45:52 [notice] 1#1: start worker process 37
2025/08/04 03:45:52 [notice] 1#1: start worker process 38
2025/08/04 03:45:52 [notice] 1#1: start worker process 39
2025/08/04 03:45:52 [notice] 1#1: start worker process 40
2025/08/04 03:45:52 [notice] 1#1: start worker process 41
2025/08/04 03:45:52 [notice] 1#1: start worker process 42
2025/08/04 03:45:52 [notice] 1#1: start worker process 43
2025/08/04 03:45:52 [notice] 1#1: start worker process 44
2025/08/04 03:45:52 [notice] 1#1: start worker process 45
2025/08/04 03:45:52 [notice] 1#1: start worker process 46
2025/08/04 03:45:52 [notice] 1#1: start worker process 47
2025/08/04 03:45:52 [notice] 1#1: start worker process 48
2025/08/04 03:45:52 [notice] 1#1: start worker process 49
2025/08/04 03:46:58 [notice] 1#1: signal 3 (SIGQUIT) received, shutting down
2025/08/04 03:46:58 [notice] 30#30: gracefully shutting down
2025/08/04 03:46:58 [notice] 31#31: gracefully shutting down
2025/08/04 03:46:58 [notice] 32#32: gracefully shutting down
2025/08/04 03:46:58 [notice] 28#28: gracefully shutting down
2025/08/04 03:46:58 [notice] 36#36: gracefully shutting down
2025/08/04 03:46:58 [notice] 39#39: gracefully shutting down
2025/08/04 03:46:58 [notice] 37#37: gracefully shutting down
2025/08/04 03:46:58 [notice] 40#40: gracefully shutting down
2025/08/04 03:46:58 [notice] 43#43: gracefully shutting down
2025/08/04 03:46:58 [notice] 43#43: exiting
2025/08/04 03:46:58 [notice] 42#42: gracefully shutting down
2025/08/04 03:46:58 [notice] 42#42: exiting
2025/08/04 03:46:58 [notice] 44#44: gracefully shutting down
2025/08/04 03:46:58 [notice] 29#29: gracefully shutting down
2025/08/04 03:46:58 [notice] 46#46: gracefully shutting down
2025/08/04 03:46:58 [notice] 47#47: gracefully shutting down
2025/08/04 03:46:58 [notice] 48#48: gracefully shutting down
2025/08/04 03:46:58 [notice] 33#33: gracefully shutting down
2025/08/04 03:46:58 [notice] 38#38: gracefully shutting down
2025/08/04 03:46:58 [notice] 41#41: gracefully shutting down
2025/08/04 03:46:58 [notice] 49#49: gracefully shutting down
2025/08/04 03:46:58 [notice] 45#45: gracefully shutting down
2025/08/04 03:46:58 [notice] 35#35: gracefully shutting down
2025/08/04 03:46:58 [notice] 34#34: gracefully shutting down
2025/08/04 03:46:58 [notice] 30#30: exiting
2025/08/04 03:46:58 [notice] 31#31: exiting
2025/08/04 03:46:58 [notice] 32#32: exiting
2025/08/04 03:46:58 [notice] 28#28: exiting
2025/08/04 03:46:58 [notice] 36#36: exiting
2025/08/04 03:46:58 [notice] 39#39: exiting
2025/08/04 03:46:58 [notice] 37#37: exiting
2025/08/04 03:46:58 [notice] 40#40: exiting
2025/08/04 03:46:58 [notice] 43#43: exit
2025/08/04 03:46:58 [notice] 42#42: exit
2025/08/04 03:46:58 [notice] 44#44: exiting
2025/08/04 03:46:58 [notice] 46#46: exiting
2025/08/04 03:46:58 [notice] 47#47: exiting
2025/08/04 03:46:58 [notice] 48#48: exiting
2025/08/04 03:46:58 [notice] 33#33: exiting
2025/08/04 03:46:58 [notice] 38#38: exiting
2025/08/04 03:46:58 [notice] 41#41: exiting
2025/08/04 03:46:58 [notice] 49#49: exiting
2025/08/04 03:46:58 [notice] 45#45: exiting
2025/08/04 03:46:58 [notice] 35#35: exiting
2025/08/04 03:46:58 [notice] 34#34: exiting
2025/08/04 03:46:58 [notice] 30#30: exit
2025/08/04 03:46:58 [notice] 31#31: exit
2025/08/04 03:46:58 [notice] 32#32: exit
2025/08/04 03:46:58 [notice] 28#28: exit
2025/08/04 03:46:58 [notice] 36#36: exit
2025/08/04 03:46:58 [notice] 39#39: exit
2025/08/04 03:46:58 [notice] 37#37: exit
2025/08/04 03:46:58 [notice] 40#40: exit
2025/08/04 03:46:58 [notice] 44#44: exit
2025/08/04 03:46:58 [notice] 46#46: exit
2025/08/04 03:46:58 [notice] 47#47: exit
2025/08/04 03:46:58 [notice] 48#48: exit
2025/08/04 03:46:58 [notice] 33#33: exit
2025/08/04 03:46:58 [notice] 38#38: exit
2025/08/04 03:46:58 [notice] 41#41: exit
2025/08/04 03:46:58 [notice] 49#49: exit
2025/08/04 03:46:58 [notice] 45#45: exit
2025/08/04 03:46:58 [notice] 35#35: exit
2025/08/04 03:46:58 [notice] 34#34: exit
2025/08/04 03:46:58 [notice] 1#1: signal 17 (SIGCHLD) received from 42
2025/08/04 03:46:58 [notice] 1#1: worker process 42 exited with code 0
2025/08/04 03:46:58 [notice] 1#1: signal 29 (SIGIO) received
2025/08/04 03:46:58 [notice] 1#1: signal 17 (SIGCHLD) received from 40
2025/08/04 03:46:58 [notice] 1#1: worker process 28 exited with code 0
2025/08/04 03:46:58 [notice] 1#1: worker process 32 exited with code 0
2025/08/04 03:46:58 [notice] 1#1: worker process 34 exited with code 0
2025/08/04 03:46:58 [notice] 1#1: worker process 35 exited with code 0
2025/08/04 03:46:58 [notice] 1#1: worker process 37 exited with code 0
2025/08/04 03:46:58 [notice] 1#1: worker process 38 exited with code 0
2025/08/04 03:46:58 [notice] 1#1: worker process 40 exited with code 0
2025/08/04 03:46:58 [notice] 1#1: worker process 41 exited with code 0
2025/08/04 03:46:58 [notice] 1#1: worker process 30 exited with code 0
2025/08/04 03:46:58 [notice] 1#1: worker process 31 exited with code 0
2025/08/04 03:46:58 [notice] 1#1: worker process 33 exited with code 0
2025/08/04 03:46:58 [notice] 1#1: worker process 36 exited with code 0
2025/08/04 03:46:58 [notice] 1#1: worker process 39 exited with code 0
2025/08/04 03:46:58 [notice] 1#1: worker process 43 exited with code 0
2025/08/04 03:46:58 [notice] 1#1: worker process 44 exited with code 0
2025/08/04 03:46:58 [notice] 1#1: worker process 45 exited with code 0
2025/08/04 03:46:58 [notice] 1#1: worker process 46 exited with code 0
2025/08/04 03:46:58 [notice] 1#1: worker process 47 exited with code 0
2025/08/04 03:46:58 [notice] 1#1: worker process 48 exited with code 0
2025/08/04 03:46:58 [notice] 1#1: worker process 49 exited with code 0
2025/08/04 03:46:58 [notice] 1#1: signal 29 (SIGIO) received
2025/08/04 03:46:58 [notice] 1#1: signal 17 (SIGCHLD) received from 37
2025/08/04 03:47:01 [notice] 29#29: exiting
2025/08/04 03:47:01 [notice] 29#29: exit
2025/08/04 03:47:01 [notice] 1#1: signal 17 (SIGCHLD) received from 29
2025/08/04 03:47:01 [notice] 1#1: worker process 29 exited with code 0
2025/08/04 03:47:01 [notice] 1#1: exit
2025/08/04 03:47:22 [notice] 1#1: using the "epoll" event method
2025/08/04 03:47:22 [notice] 1#1: nginx/1.29.0
2025/08/04 03:47:22 [notice] 1#1: built by gcc 12.2.0 (Debian 12.2.0-14+deb12u1) 
2025/08/04 03:47:22 [notice] 1#1: OS: Linux 6.6.87.2-microsoft-standard-WSL2
2025/08/04 03:47:22 [notice] 1#1: getrlimit(RLIMIT_NOFILE): 1048576:1048576
2025/08/04 03:47:22 [notice] 1#1: start worker processes
2025/08/04 03:47:22 [notice] 1#1: start worker process 28
2025/08/04 03:47:22 [notice] 1#1: start worker process 29
2025/08/04 03:47:22 [notice] 1#1: start worker process 30
2025/08/04 03:47:22 [notice] 1#1: start worker process 31
2025/08/04 03:47:22 [notice] 1#1: start worker process 32
2025/08/04 03:47:22 [notice] 1#1: start worker process 33
2025/08/04 03:47:22 [notice] 1#1: start worker process 34
2025/08/04 03:47:22 [notice] 1#1: start worker process 35
2025/08/04 03:47:22 [notice] 1#1: start worker process 36
2025/08/04 03:47:22 [notice] 1#1: start worker process 37
2025/08/04 03:47:22 [notice] 1#1: start worker process 38
2025/08/04 03:47:22 [notice] 1#1: start worker process 39
2025/08/04 03:47:22 [notice] 1#1: start worker process 40
2025/08/04 03:47:22 [notice] 1#1: start worker process 41
2025/08/04 03:47:22 [notice] 1#1: start worker process 42
2025/08/04 03:47:22 [notice] 1#1: start worker process 43
2025/08/04 03:47:22 [notice] 1#1: start worker process 44
2025/08/04 03:47:22 [notice] 1#1: start worker process 45
2025/08/04 03:47:22 [notice] 1#1: start worker process 46
2025/08/04 03:47:22 [notice] 1#1: start worker process 47
2025/08/04 03:47:22 [notice] 1#1: start worker process 48
2025/08/04 03:47:22 [notice] 1#1: start worker process 49
2025/08/04 03:48:53 [notice] 1#1: signal 3 (SIGQUIT) received, shutting down
2025/08/04 03:48:53 [notice] 29#29: gracefully shutting down
2025/08/04 03:48:53 [notice] 28#28: gracefully shutting down
2025/08/04 03:48:53 [notice] 31#31: gracefully shutting down
2025/08/04 03:48:53 [notice] 33#33: gracefully shutting down
2025/08/04 03:48:53 [notice] 30#30: gracefully shutting down
2025/08/04 03:48:53 [notice] 37#37: gracefully shutting down
2025/08/04 03:48:53 [notice] 36#36: gracefully shutting down
2025/08/04 03:48:53 [notice] 34#34: gracefully shutting down
2025/08/04 03:48:53 [notice] 38#38: gracefully shutting down
2025/08/04 03:48:53 [notice] 39#39: gracefully shutting down
2025/08/04 03:48:53 [notice] 41#41: gracefully shutting down
2025/08/04 03:48:53 [notice] 42#42: gracefully shutting down
2025/08/04 03:48:53 [notice] 32#32: gracefully shutting down
2025/08/04 03:48:53 [notice] 44#44: gracefully shutting down
2025/08/04 03:48:53 [notice] 43#43: gracefully shutting down
2025/08/04 03:48:53 [notice] 46#46: gracefully shutting down
2025/08/04 03:48:53 [notice] 45#45: gracefully shutting down
2025/08/04 03:48:53 [notice] 48#48: gracefully shutting down
2025/08/04 03:48:53 [notice] 47#47: gracefully shutting down
2025/08/04 03:48:53 [notice] 49#49: gracefully shutting down
2025/08/04 03:48:53 [notice] 40#40: gracefully shutting down
2025/08/04 03:48:53 [notice] 35#35: gracefully shutting down
2025/08/04 03:48:53 [notice] 29#29: exiting
2025/08/04 03:48:53 [notice] 28#28: exiting
2025/08/04 03:48:53 [notice] 31#31: exiting
2025/08/04 03:48:53 [notice] 33#33: exiting
2025/08/04 03:48:53 [notice] 30#30: exiting
2025/08/04 03:48:53 [notice] 37#37: exiting
2025/08/04 03:48:53 [notice] 36#36: exiting
2025/08/04 03:48:53 [notice] 34#34: exiting
2025/08/04 03:48:53 [notice] 38#38: exiting
2025/08/04 03:48:53 [notice] 39#39: exiting
2025/08/04 03:48:53 [notice] 41#41: exiting
2025/08/04 03:48:53 [notice] 42#42: exiting
2025/08/04 03:48:53 [notice] 32#32: exiting
2025/08/04 03:48:53 [notice] 44#44: exiting
2025/08/04 03:48:53 [notice] 43#43: exiting
2025/08/04 03:48:53 [notice] 46#46: exiting
2025/08/04 03:48:53 [notice] 45#45: exiting
2025/08/04 03:48:53 [notice] 48#48: exiting
2025/08/04 03:48:53 [notice] 47#47: exiting
2025/08/04 03:48:53 [notice] 49#49: exiting
2025/08/04 03:48:53 [notice] 40#40: exiting
2025/08/04 03:48:53 [notice] 35#35: exiting
2025/08/04 03:48:53 [notice] 29#29: exit
2025/08/04 03:48:53 [notice] 28#28: exit
2025/08/04 03:48:53 [notice] 31#31: exit
2025/08/04 03:48:53 [notice] 33#33: exit
2025/08/04 03:48:53 [notice] 30#30: exit
2025/08/04 03:48:53 [notice] 37#37: exit
2025/08/04 03:48:53 [notice] 36#36: exit
2025/08/04 03:48:53 [notice] 34#34: exit
2025/08/04 03:48:53 [notice] 38#38: exit
2025/08/04 03:48:53 [notice] 39#39: exit
2025/08/04 03:48:53 [notice] 41#41: exit
2025/08/04 03:48:53 [notice] 42#42: exit
2025/08/04 03:48:53 [notice] 32#32: exit
2025/08/04 03:48:53 [notice] 44#44: exit
2025/08/04 03:48:53 [notice] 43#43: exit
2025/08/04 03:48:53 [notice] 46#46: exit
2025/08/04 03:48:53 [notice] 45#45: exit
2025/08/04 03:48:53 [notice] 48#48: exit
2025/08/04 03:48:53 [notice] 47#47: exit
2025/08/04 03:48:53 [notice] 49#49: exit
2025/08/04 03:48:53 [notice] 40#40: exit
2025/08/04 03:48:53 [notice] 35#35: exit
2025/08/04 03:48:54 [notice] 1#1: signal 17 (SIGCHLD) received from 31
2025/08/04 03:48:54 [notice] 1#1: worker process 31 exited with code 0
2025/08/04 03:48:54 [notice] 1#1: worker process 34 exited with code 0
2025/08/04 03:48:54 [notice] 1#1: worker process 38 exited with code 0
2025/08/04 03:48:54 [notice] 1#1: signal 29 (SIGIO) received
2025/08/04 03:48:54 [notice] 1#1: signal 17 (SIGCHLD) received from 30
2025/08/04 03:48:54 [notice] 1#1: worker process 29 exited with code 0
2025/08/04 03:48:54 [notice] 1#1: worker process 30 exited with code 0
2025/08/04 03:48:54 [notice] 1#1: worker process 32 exited with code 0
2025/08/04 03:48:54 [notice] 1#1: worker process 33 exited with code 0
2025/08/04 03:48:54 [notice] 1#1: worker process 37 exited with code 0
2025/08/04 03:48:54 [notice] 1#1: worker process 39 exited with code 0
2025/08/04 03:48:54 [notice] 1#1: worker process 41 exited with code 0
2025/08/04 03:48:54 [notice] 1#1: worker process 45 exited with code 0
2025/08/04 03:48:54 [notice] 1#1: worker process 47 exited with code 0
2025/08/04 03:48:54 [notice] 1#1: worker process 48 exited with code 0
2025/08/04 03:48:54 [notice] 1#1: worker process 49 exited with code 0
2025/08/04 03:48:54 [notice] 1#1: worker process 43 exited with code 0
2025/08/04 03:48:54 [notice] 1#1: signal 17 (SIGCHLD) received from 45
2025/08/04 03:48:54 [notice] 1#1: signal 29 (SIGIO) received
2025/08/04 03:48:54 [notice] 1#1: signal 17 (SIGCHLD) received from 36
2025/08/04 03:48:54 [notice] 1#1: worker process 28 exited with code 0
2025/08/04 03:48:54 [notice] 1#1: worker process 35 exited with code 0
2025/08/04 03:48:54 [notice] 1#1: worker process 36 exited with code 0
2025/08/04 03:48:54 [notice] 1#1: worker process 40 exited with code 0
2025/08/04 03:48:54 [notice] 1#1: worker process 42 exited with code 0
2025/08/04 03:48:54 [notice] 1#1: worker process 44 exited with code 0
2025/08/04 03:48:54 [notice] 1#1: worker process 46 exited with code 0
2025/08/04 03:48:54 [notice] 1#1: exit
2025/08/04 03:49:31 [notice] 1#1: using the "epoll" event method
2025/08/04 03:49:31 [notice] 1#1: nginx/1.29.0
2025/08/04 03:49:31 [notice] 1#1: built by gcc 12.2.0 (Debian 12.2.0-14+deb12u1) 
2025/08/04 03:49:31 [notice] 1#1: OS: Linux 6.6.87.2-microsoft-standard-WSL2
2025/08/04 03:49:31 [notice] 1#1: getrlimit(RLIMIT_NOFILE): 1048576:1048576
2025/08/04 03:49:31 [notice] 1#1: start worker processes
2025/08/04 03:49:31 [notice] 1#1: start worker process 28
2025/08/04 03:49:31 [notice] 1#1: start worker process 29
2025/08/04 03:49:31 [notice] 1#1: start worker process 30
2025/08/04 03:49:31 [notice] 1#1: start worker process 31
2025/08/04 03:49:31 [notice] 1#1: start worker process 32
2025/08/04 03:49:31 [notice] 1#1: start worker process 33
2025/08/04 03:49:31 [notice] 1#1: start worker process 34
2025/08/04 03:49:31 [notice] 1#1: start worker process 35
2025/08/04 03:49:31 [notice] 1#1: start worker process 36
2025/08/04 03:49:31 [notice] 1#1: start worker process 37
2025/08/04 03:49:31 [notice] 1#1: start worker process 38
2025/08/04 03:49:31 [notice] 1#1: start worker process 39
2025/08/04 03:49:31 [notice] 1#1: start worker process 40
2025/08/04 03:49:31 [notice] 1#1: start worker process 41
2025/08/04 03:49:31 [notice] 1#1: start worker process 42
2025/08/04 03:49:31 [notice] 1#1: start worker process 43
2025/08/04 03:49:31 [notice] 1#1: start worker process 44
2025/08/04 03:49:31 [notice] 1#1: start worker process 45
2025/08/04 03:49:31 [notice] 1#1: start worker process 46
2025/08/04 03:49:31 [notice] 1#1: start worker process 47
2025/08/04 03:49:31 [notice] 1#1: start worker process 48
2025/08/04 03:49:31 [notice] 1#1: start worker process 49
2025/08/04 03:51:12 [notice] 1#1: signal 3 (SIGQUIT) received, shutting down
2025/08/04 03:51:12 [notice] 28#28: gracefully shutting down
2025/08/04 03:51:12 [notice] 29#29: gracefully shutting down
2025/08/04 03:51:12 [notice] 31#31: gracefully shutting down
2025/08/04 03:51:12 [notice] 30#30: gracefully shutting down
2025/08/04 03:51:12 [notice] 33#33: gracefully shutting down
2025/08/04 03:51:12 [notice] 32#32: gracefully shutting down
2025/08/04 03:51:12 [notice] 37#37: gracefully shutting down
2025/08/04 03:51:12 [notice] 34#34: gracefully shutting down
2025/08/04 03:51:12 [notice] 38#38: gracefully shutting down
2025/08/04 03:51:12 [notice] 40#40: gracefully shutting down
2025/08/04 03:51:12 [notice] 39#39: gracefully shutting down
2025/08/04 03:51:12 [notice] 35#35: gracefully shutting down
2025/08/04 03:51:12 [notice] 43#43: gracefully shutting down
2025/08/04 03:51:12 [notice] 42#42: gracefully shutting down
2025/08/04 03:51:12 [notice] 41#41: gracefully shutting down
2025/08/04 03:51:12 [notice] 45#45: gracefully shutting down
2025/08/04 03:51:12 [notice] 46#46: gracefully shutting down
2025/08/04 03:51:12 [notice] 36#36: gracefully shutting down
2025/08/04 03:51:12 [notice] 49#49: gracefully shutting down
2025/08/04 03:51:12 [notice] 47#47: gracefully shutting down
2025/08/04 03:51:12 [notice] 47#47: exiting
2025/08/04 03:51:12 [notice] 48#48: gracefully shutting down
2025/08/04 03:51:12 [notice] 44#44: gracefully shutting down
2025/08/04 03:51:12 [notice] 28#28: exiting
2025/08/04 03:51:12 [notice] 29#29: exiting
2025/08/04 03:51:12 [notice] 31#31: exiting
2025/08/04 03:51:12 [notice] 30#30: exiting
2025/08/04 03:51:12 [notice] 33#33: exiting
2025/08/04 03:51:12 [notice] 32#32: exiting
2025/08/04 03:51:12 [notice] 37#37: exiting
2025/08/04 03:51:12 [notice] 34#34: exiting
2025/08/04 03:51:12 [notice] 38#38: exiting
2025/08/04 03:51:12 [notice] 40#40: exiting
2025/08/04 03:51:12 [notice] 39#39: exiting
2025/08/04 03:51:12 [notice] 35#35: exiting
2025/08/04 03:51:12 [notice] 43#43: exiting
2025/08/04 03:51:12 [notice] 42#42: exiting
2025/08/04 03:51:12 [notice] 41#41: exiting
2025/08/04 03:51:12 [notice] 45#45: exiting
2025/08/04 03:51:12 [notice] 46#46: exiting
2025/08/04 03:51:12 [notice] 36#36: exiting
2025/08/04 03:51:12 [notice] 49#49: exiting
2025/08/04 03:51:12 [notice] 47#47: exit
2025/08/04 03:51:12 [notice] 48#48: exiting
2025/08/04 03:51:12 [notice] 44#44: exiting
2025/08/04 03:51:12 [notice] 28#28: exit
2025/08/04 03:51:12 [notice] 29#29: exit
2025/08/04 03:51:12 [notice] 31#31: exit
2025/08/04 03:51:12 [notice] 30#30: exit
2025/08/04 03:51:12 [notice] 33#33: exit
2025/08/04 03:51:12 [notice] 32#32: exit
2025/08/04 03:51:12 [notice] 37#37: exit
2025/08/04 03:51:12 [notice] 34#34: exit
2025/08/04 03:51:12 [notice] 38#38: exit
2025/08/04 03:51:12 [notice] 40#40: exit
2025/08/04 03:51:12 [notice] 39#39: exit
2025/08/04 03:51:12 [notice] 35#35: exit
2025/08/04 03:51:12 [notice] 43#43: exit
2025/08/04 03:51:12 [notice] 42#42: exit
2025/08/04 03:51:12 [notice] 41#41: exit
2025/08/04 03:51:12 [notice] 45#45: exit
2025/08/04 03:51:12 [notice] 46#46: exit
2025/08/04 03:51:12 [notice] 36#36: exit
2025/08/04 03:51:12 [notice] 49#49: exit
2025/08/04 03:51:12 [notice] 48#48: exit
2025/08/04 03:51:12 [notice] 44#44: exit
2025/08/04 03:51:12 [notice] 1#1: signal 17 (SIGCHLD) received from 47
2025/08/04 03:51:12 [notice] 1#1: worker process 34 exited with code 0
2025/08/04 03:51:12 [notice] 1#1: worker process 47 exited with code 0
2025/08/04 03:51:12 [notice] 1#1: signal 29 (SIGIO) received
2025/08/04 03:51:12 [notice] 1#1: signal 17 (SIGCHLD) received from 34
2025/08/04 03:51:12 [notice] 1#1: signal 17 (SIGCHLD) received from 36
2025/08/04 03:51:12 [notice] 1#1: worker process 29 exited with code 0
2025/08/04 03:51:12 [notice] 1#1: worker process 33 exited with code 0
2025/08/04 03:51:12 [notice] 1#1: worker process 36 exited with code 0
2025/08/04 03:51:12 [notice] 1#1: worker process 39 exited with code 0
2025/08/04 03:51:12 [notice] 1#1: worker process 44 exited with code 0
2025/08/04 03:51:12 [notice] 1#1: worker process 46 exited with code 0
2025/08/04 03:51:12 [notice] 1#1: signal 29 (SIGIO) received
2025/08/04 03:51:12 [notice] 1#1: signal 17 (SIGCHLD) received from 39
2025/08/04 03:51:12 [notice] 1#1: signal 17 (SIGCHLD) received from 38
2025/08/04 03:51:12 [notice] 1#1: worker process 28 exited with code 0
2025/08/04 03:51:12 [notice] 1#1: worker process 30 exited with code 0
2025/08/04 03:51:12 [notice] 1#1: worker process 31 exited with code 0
2025/08/04 03:51:12 [notice] 1#1: worker process 32 exited with code 0
2025/08/04 03:51:12 [notice] 1#1: worker process 35 exited with code 0
2025/08/04 03:51:12 [notice] 1#1: worker process 37 exited with code 0
2025/08/04 03:51:12 [notice] 1#1: worker process 38 exited with code 0
2025/08/04 03:51:12 [notice] 1#1: worker process 40 exited with code 0
2025/08/04 03:51:12 [notice] 1#1: worker process 41 exited with code 0
2025/08/04 03:51:12 [notice] 1#1: worker process 42 exited with code 0
2025/08/04 03:51:12 [notice] 1#1: worker process 43 exited with code 0
2025/08/04 03:51:12 [notice] 1#1: worker process 45 exited with code 0
2025/08/04 03:51:12 [notice] 1#1: worker process 48 exited with code 0
2025/08/04 03:51:12 [notice] 1#1: worker process 49 exited with code 0
2025/08/04 03:51:12 [notice] 1#1: exit
2025/08/04 03:51:56 [notice] 1#1: using the "epoll" event method
2025/08/04 03:51:56 [notice] 1#1: nginx/1.29.0
2025/08/04 03:51:56 [notice] 1#1: built by gcc 12.2.0 (Debian 12.2.0-14+deb12u1) 
2025/08/04 03:51:56 [notice] 1#1: OS: Linux 6.6.87.2-microsoft-standard-WSL2
2025/08/04 03:51:56 [notice] 1#1: getrlimit(RLIMIT_NOFILE): 1048576:1048576
2025/08/04 03:51:56 [notice] 1#1: start worker processes
2025/08/04 03:51:56 [notice] 1#1: start worker process 28
2025/08/04 03:51:56 [notice] 1#1: start worker process 29
2025/08/04 03:51:56 [notice] 1#1: start worker process 30
2025/08/04 03:51:56 [notice] 1#1: start worker process 31
2025/08/04 03:51:56 [notice] 1#1: start worker process 32
2025/08/04 03:51:56 [notice] 1#1: start worker process 33
2025/08/04 03:51:56 [notice] 1#1: start worker process 34
2025/08/04 03:51:56 [notice] 1#1: start worker process 35
2025/08/04 03:51:56 [notice] 1#1: start worker process 36
2025/08/04 03:51:56 [notice] 1#1: start worker process 37
2025/08/04 03:51:56 [notice] 1#1: start worker process 38
2025/08/04 03:51:56 [notice] 1#1: start worker process 39
2025/08/04 03:51:56 [notice] 1#1: start worker process 40
2025/08/04 03:51:56 [notice] 1#1: start worker process 41
2025/08/04 03:51:56 [notice] 1#1: start worker process 42
2025/08/04 03:51:56 [notice] 1#1: start worker process 43
2025/08/04 03:51:56 [notice] 1#1: start worker process 44
2025/08/04 03:51:56 [notice] 1#1: start worker process 45
2025/08/04 03:51:56 [notice] 1#1: start worker process 46
2025/08/04 03:51:56 [notice] 1#1: start worker process 47
2025/08/04 03:51:56 [notice] 1#1: start worker process 48
2025/08/04 03:51:56 [notice] 1#1: start worker process 49
2025/08/04 03:55:33 [notice] 1#1: signal 3 (SIGQUIT) received, shutting down
2025/08/04 03:55:33 [notice] 28#28: gracefully shutting down
2025/08/04 03:55:33 [notice] 39#39: gracefully shutting down
2025/08/04 03:55:33 [notice] 29#29: gracefully shutting down
2025/08/04 03:55:33 [notice] 30#30: gracefully shutting down
2025/08/04 03:55:33 [notice] 31#31: gracefully shutting down
2025/08/04 03:55:33 [notice] 32#32: gracefully shutting down
2025/08/04 03:55:33 [notice] 34#34: gracefully shutting down
2025/08/04 03:55:33 [notice] 35#35: gracefully shutting down
2025/08/04 03:55:33 [notice] 33#33: gracefully shutting down
2025/08/04 03:55:33 [notice] 36#36: gracefully shutting down
2025/08/04 03:55:33 [notice] 37#37: gracefully shutting down
2025/08/04 03:55:33 [notice] 38#38: gracefully shutting down
2025/08/04 03:55:33 [notice] 28#28: exiting
2025/08/04 03:55:33 [notice] 40#40: gracefully shutting down
2025/08/04 03:55:33 [notice] 41#41: gracefully shutting down
2025/08/04 03:55:33 [notice] 43#43: gracefully shutting down
2025/08/04 03:55:33 [notice] 45#45: gracefully shutting down
2025/08/04 03:55:33 [notice] 46#46: gracefully shutting down
2025/08/04 03:55:33 [notice] 47#47: gracefully shutting down
2025/08/04 03:55:33 [notice] 49#49: gracefully shutting down
2025/08/04 03:55:33 [notice] 48#48: gracefully shutting down
2025/08/04 03:55:33 [notice] 42#42: gracefully shutting down
2025/08/04 03:55:33 [notice] 42#42: exiting
2025/08/04 03:55:33 [notice] 44#44: gracefully shutting down
2025/08/04 03:55:33 [notice] 39#39: exiting
2025/08/04 03:55:33 [notice] 29#29: exiting
2025/08/04 03:55:33 [notice] 30#30: exiting
2025/08/04 03:55:33 [notice] 31#31: exiting
2025/08/04 03:55:33 [notice] 32#32: exiting
2025/08/04 03:55:33 [notice] 34#34: exiting
2025/08/04 03:55:33 [notice] 34#34: exit
2025/08/04 03:55:33 [notice] 35#35: exiting
2025/08/04 03:55:33 [notice] 33#33: exiting
2025/08/04 03:55:33 [notice] 36#36: exiting
2025/08/04 03:55:33 [notice] 37#37: exiting
2025/08/04 03:55:33 [notice] 37#37: exit
2025/08/04 03:55:33 [notice] 38#38: exiting
2025/08/04 03:55:33 [notice] 28#28: exit
2025/08/04 03:55:33 [notice] 40#40: exiting
2025/08/04 03:55:33 [notice] 41#41: exiting
2025/08/04 03:55:33 [notice] 43#43: exiting
2025/08/04 03:55:33 [notice] 45#45: exiting
2025/08/04 03:55:33 [notice] 46#46: exiting
2025/08/04 03:55:33 [notice] 47#47: exiting
2025/08/04 03:55:33 [notice] 49#49: exiting
2025/08/04 03:55:33 [notice] 48#48: exiting
2025/08/04 03:55:33 [notice] 42#42: exit
2025/08/04 03:55:33 [notice] 44#44: exiting
2025/08/04 03:55:33 [notice] 39#39: exit
2025/08/04 03:55:33 [notice] 29#29: exit
2025/08/04 03:55:33 [notice] 30#30: exit
2025/08/04 03:55:33 [notice] 31#31: exit
2025/08/04 03:55:33 [notice] 32#32: exit
2025/08/04 03:55:33 [notice] 35#35: exit
2025/08/04 03:55:33 [notice] 33#33: exit
2025/08/04 03:55:33 [notice] 36#36: exit
2025/08/04 03:55:33 [notice] 38#38: exit
2025/08/04 03:55:33 [notice] 40#40: exit
2025/08/04 03:55:33 [notice] 41#41: exit
2025/08/04 03:55:33 [notice] 43#43: exit
2025/08/04 03:55:33 [notice] 45#45: exit
2025/08/04 03:55:33 [notice] 46#46: exit
2025/08/04 03:55:33 [notice] 47#47: exit
2025/08/04 03:55:33 [notice] 49#49: exit
2025/08/04 03:55:33 [notice] 48#48: exit
2025/08/04 03:55:33 [notice] 44#44: exit
2025/08/04 03:55:33 [notice] 1#1: signal 17 (SIGCHLD) received from 49
2025/08/04 03:55:33 [notice] 1#1: worker process 29 exited with code 0
2025/08/04 03:55:33 [notice] 1#1: worker process 34 exited with code 0
2025/08/04 03:55:33 [notice] 1#1: worker process 38 exited with code 0
2025/08/04 03:55:33 [notice] 1#1: worker process 42 exited with code 0
2025/08/04 03:55:33 [notice] 1#1: worker process 45 exited with code 0
2025/08/04 03:55:33 [notice] 1#1: worker process 49 exited with code 0
2025/08/04 03:55:33 [notice] 1#1: signal 29 (SIGIO) received
2025/08/04 03:55:33 [notice] 1#1: signal 17 (SIGCHLD) received from 34
2025/08/04 03:55:33 [notice] 1#1: signal 17 (SIGCHLD) received from 28
2025/08/04 03:55:33 [notice] 1#1: worker process 28 exited with code 0
2025/08/04 03:55:33 [notice] 1#1: worker process 30 exited with code 0
2025/08/04 03:55:33 [notice] 1#1: worker process 31 exited with code 0
2025/08/04 03:55:33 [notice] 1#1: worker process 32 exited with code 0
2025/08/04 03:55:33 [notice] 1#1: worker process 35 exited with code 0
2025/08/04 03:55:33 [notice] 1#1: worker process 36 exited with code 0
2025/08/04 03:55:33 [notice] 1#1: worker process 37 exited with code 0
2025/08/04 03:55:33 [notice] 1#1: worker process 39 exited with code 0
2025/08/04 03:55:33 [notice] 1#1: worker process 40 exited with code 0
2025/08/04 03:55:33 [notice] 1#1: worker process 41 exited with code 0
2025/08/04 03:55:33 [notice] 1#1: worker process 43 exited with code 0
2025/08/04 03:55:33 [notice] 1#1: worker process 44 exited with code 0
2025/08/04 03:55:33 [notice] 1#1: worker process 48 exited with code 0
2025/08/04 03:55:33 [notice] 1#1: signal 29 (SIGIO) received
2025/08/04 03:55:33 [notice] 1#1: signal 17 (SIGCHLD) received from 30
2025/08/04 03:55:33 [notice] 1#1: signal 17 (SIGCHLD) received from 47
2025/08/04 03:55:33 [notice] 1#1: worker process 33 exited with code 0
2025/08/04 03:55:33 [notice] 1#1: worker process 46 exited with code 0
2025/08/04 03:55:33 [notice] 1#1: worker process 47 exited with code 0
2025/08/04 03:55:33 [notice] 1#1: exit
2025/08/04 03:55:34 [notice] 1#1: using the "epoll" event method
2025/08/04 03:55:34 [notice] 1#1: nginx/1.29.0
2025/08/04 03:55:34 [notice] 1#1: built by gcc 12.2.0 (Debian 12.2.0-14+deb12u1) 
2025/08/04 03:55:34 [notice] 1#1: OS: Linux 6.6.87.2-microsoft-standard-WSL2
2025/08/04 03:55:34 [notice] 1#1: getrlimit(RLIMIT_NOFILE): 1048576:1048576
2025/08/04 03:55:34 [notice] 1#1: start worker processes
2025/08/04 03:55:34 [notice] 1#1: start worker process 28
2025/08/04 03:55:34 [notice] 1#1: start worker process 29
2025/08/04 03:55:34 [notice] 1#1: start worker process 30
2025/08/04 03:55:34 [notice] 1#1: start worker process 31
2025/08/04 03:55:34 [notice] 1#1: start worker process 32
2025/08/04 03:55:34 [notice] 1#1: start worker process 33
2025/08/04 03:55:34 [notice] 1#1: start worker process 34
2025/08/04 03:55:34 [notice] 1#1: start worker process 35
2025/08/04 03:55:34 [notice] 1#1: start worker process 36
2025/08/04 03:55:34 [notice] 1#1: start worker process 37
2025/08/04 03:55:34 [notice] 1#1: start worker process 38
2025/08/04 03:55:34 [notice] 1#1: start worker process 39
2025/08/04 03:55:34 [notice] 1#1: start worker process 40
2025/08/04 03:55:34 [notice] 1#1: start worker process 41
2025/08/04 03:55:34 [notice] 1#1: start worker process 42
2025/08/04 03:55:34 [notice] 1#1: start worker process 43
2025/08/04 03:55:34 [notice] 1#1: start worker process 44
2025/08/04 03:55:34 [notice] 1#1: start worker process 45
2025/08/04 03:55:34 [notice] 1#1: start worker process 46
2025/08/04 03:55:34 [notice] 1#1: start worker process 47
2025/08/04 03:55:34 [notice] 1#1: start worker process 48
2025/08/04 03:55:34 [notice] 1#1: start worker process 49
2025/08/05 04:19:28 [notice] 1#1: signal 3 (SIGQUIT) received, shutting down
2025/08/05 04:19:28 [notice] 28#28: gracefully shutting down
2025/08/05 04:19:28 [notice] 29#29: gracefully shutting down
2025/08/05 04:19:28 [notice] 33#33: gracefully shutting down
2025/08/05 04:19:28 [notice] 30#30: gracefully shutting down
2025/08/05 04:19:28 [notice] 37#37: gracefully shutting down
2025/08/05 04:19:28 [notice] 40#40: gracefully shutting down
2025/08/05 04:19:28 [notice] 43#43: gracefully shutting down
2025/08/05 04:19:28 [notice] 42#42: gracefully shutting down
2025/08/05 04:19:28 [notice] 45#45: gracefully shutting down
2025/08/05 04:19:28 [notice] 40#40: exiting
2025/08/05 04:19:28 [notice] 32#32: gracefully shutting down
2025/08/05 04:19:28 [notice] 46#46: gracefully shutting down
2025/08/05 04:19:28 [notice] 45#45: exiting
2025/08/05 04:19:28 [notice] 44#44: gracefully shutting down
2025/08/05 04:19:28 [notice] 31#31: gracefully shutting down
2025/08/05 04:19:28 [notice] 46#46: exiting
2025/08/05 04:19:28 [notice] 47#47: gracefully shutting down
2025/08/05 04:19:28 [notice] 35#35: gracefully shutting down
2025/08/05 04:19:28 [notice] 39#39: gracefully shutting down
2025/08/05 04:19:28 [notice] 34#34: gracefully shutting down
2025/08/05 04:19:28 [notice] 49#49: gracefully shutting down
2025/08/05 04:19:28 [notice] 41#41: gracefully shutting down
2025/08/05 04:19:28 [notice] 38#38: gracefully shutting down
2025/08/05 04:19:28 [notice] 48#48: gracefully shutting down
2025/08/05 04:19:28 [notice] 36#36: gracefully shutting down
2025/08/05 04:19:28 [notice] 28#28: exiting
2025/08/05 04:19:28 [notice] 38#38: exiting
2025/08/05 04:19:28 [notice] 29#29: exiting
2025/08/05 04:19:28 [notice] 33#33: exiting
2025/08/05 04:19:28 [notice] 30#30: exiting
2025/08/05 04:19:28 [notice] 37#37: exiting
2025/08/05 04:19:28 [notice] 43#43: exiting
2025/08/05 04:19:28 [notice] 30#30: exit
2025/08/05 04:19:28 [notice] 42#42: exiting
2025/08/05 04:19:28 [notice] 40#40: exit
2025/08/05 04:19:28 [notice] 32#32: exiting
2025/08/05 04:19:28 [notice] 45#45: exit
2025/08/05 04:19:28 [notice] 44#44: exiting
2025/08/05 04:19:28 [notice] 46#46: exit
2025/08/05 04:19:28 [notice] 31#31: exiting
2025/08/05 04:19:28 [notice] 47#47: exiting
2025/08/05 04:19:28 [notice] 35#35: exiting
2025/08/05 04:19:28 [notice] 39#39: exiting
2025/08/05 04:19:28 [notice] 49#49: exiting
2025/08/05 04:19:28 [notice] 39#39: exit
2025/08/05 04:19:28 [notice] 34#34: exiting
2025/08/05 04:19:28 [notice] 41#41: exiting
2025/08/05 04:19:28 [notice] 48#48: exiting
2025/08/05 04:19:28 [notice] 28#28: exit
2025/08/05 04:19:28 [notice] 36#36: exiting
2025/08/05 04:19:28 [notice] 38#38: exit
2025/08/05 04:19:28 [notice] 33#33: exit
2025/08/05 04:19:28 [notice] 29#29: exit
2025/08/05 04:19:28 [notice] 37#37: exit
2025/08/05 04:19:28 [notice] 43#43: exit
2025/08/05 04:19:28 [notice] 42#42: exit
2025/08/05 04:19:28 [notice] 44#44: exit
2025/08/05 04:19:28 [notice] 32#32: exit
2025/08/05 04:19:28 [notice] 47#47: exit
2025/08/05 04:19:28 [notice] 31#31: exit
2025/08/05 04:19:28 [notice] 35#35: exit
2025/08/05 04:19:28 [notice] 49#49: exit
2025/08/05 04:19:28 [notice] 34#34: exit
2025/08/05 04:19:28 [notice] 41#41: exit
2025/08/05 04:19:28 [notice] 48#48: exit
2025/08/05 04:19:28 [notice] 36#36: exit
2025/08/05 04:19:29 [notice] 1#1: signal 17 (SIGCHLD) received from 45
2025/08/05 04:19:29 [notice] 1#1: worker process 45 exited with code 0
2025/08/05 04:19:29 [notice] 1#1: signal 29 (SIGIO) received
2025/08/05 04:19:29 [notice] 1#1: signal 17 (SIGCHLD) received from 49
2025/08/05 04:19:29 [notice] 1#1: worker process 28 exited with code 0
2025/08/05 04:19:29 [notice] 1#1: worker process 49 exited with code 0
2025/08/05 04:19:29 [notice] 1#1: signal 29 (SIGIO) received
2025/08/05 04:19:29 [notice] 1#1: signal 17 (SIGCHLD) received from 28
2025/08/05 04:19:29 [notice] 1#1: signal 17 (SIGCHLD) received from 34
2025/08/05 04:19:29 [notice] 1#1: worker process 31 exited with code 0
2025/08/05 04:19:29 [notice] 1#1: worker process 33 exited with code 0
2025/08/05 04:19:29 [notice] 1#1: worker process 34 exited with code 0
2025/08/05 04:19:29 [notice] 1#1: signal 29 (SIGIO) received
2025/08/05 04:19:29 [notice] 1#1: signal 17 (SIGCHLD) received from 33
2025/08/05 04:19:29 [notice] 1#1: signal 17 (SIGCHLD) received from 40
2025/08/05 04:19:29 [notice] 1#1: worker process 29 exited with code 0
2025/08/05 04:19:29 [notice] 1#1: worker process 30 exited with code 0
2025/08/05 04:19:29 [notice] 1#1: worker process 35 exited with code 0
2025/08/05 04:19:29 [notice] 1#1: worker process 36 exited with code 0
2025/08/05 04:19:29 [notice] 1#1: worker process 37 exited with code 0
2025/08/05 04:19:29 [notice] 1#1: worker process 38 exited with code 0
2025/08/05 04:19:29 [notice] 1#1: worker process 39 exited with code 0
2025/08/05 04:19:29 [notice] 1#1: worker process 40 exited with code 0
2025/08/05 04:19:29 [notice] 1#1: worker process 42 exited with code 0
2025/08/05 04:19:29 [notice] 1#1: worker process 46 exited with code 0
2025/08/05 04:19:29 [notice] 1#1: worker process 47 exited with code 0
2025/08/05 04:19:29 [notice] 1#1: signal 29 (SIGIO) received
2025/08/05 04:19:29 [notice] 1#1: signal 17 (SIGCHLD) received from 35
2025/08/05 04:19:29 [notice] 1#1: signal 17 (SIGCHLD) received from 43
2025/08/05 04:19:29 [notice] 1#1: worker process 43 exited with code 0
2025/08/05 04:19:29 [notice] 1#1: worker process 44 exited with code 0
2025/08/05 04:19:29 [notice] 1#1: worker process 32 exited with code 0
2025/08/05 04:19:29 [notice] 1#1: signal 29 (SIGIO) received
2025/08/05 04:19:29 [notice] 1#1: signal 17 (SIGCHLD) received from 32
2025/08/05 04:19:29 [notice] 1#1: signal 17 (SIGCHLD) received from 41
2025/08/05 04:19:29 [notice] 1#1: worker process 41 exited with code 0
2025/08/05 04:19:29 [notice] 1#1: worker process 48 exited with code 0
2025/08/05 04:19:29 [notice] 1#1: exit
2025/08/06 06:14:07 [notice] 1#1: using the "epoll" event method
2025/08/06 06:14:07 [notice] 1#1: nginx/1.29.0
2025/08/06 06:14:07 [notice] 1#1: built by gcc 12.2.0 (Debian 12.2.0-14+deb12u1) 
2025/08/06 06:14:07 [notice] 1#1: OS: Linux 6.6.87.2-microsoft-standard-WSL2
2025/08/06 06:14:07 [notice] 1#1: getrlimit(RLIMIT_NOFILE): 1048576:1048576
2025/08/06 06:14:07 [notice] 1#1: start worker processes
2025/08/06 06:14:07 [notice] 1#1: start worker process 28
2025/08/06 06:14:07 [notice] 1#1: start worker process 29
2025/08/06 06:14:07 [notice] 1#1: start worker process 30
2025/08/06 06:14:07 [notice] 1#1: start worker process 31
2025/08/06 06:14:07 [notice] 1#1: start worker process 32
2025/08/06 06:14:07 [notice] 1#1: start worker process 33
2025/08/06 06:14:07 [notice] 1#1: start worker process 34
2025/08/06 06:14:07 [notice] 1#1: start worker process 35
2025/08/06 06:14:07 [notice] 1#1: start worker process 36
2025/08/06 06:14:07 [notice] 1#1: start worker process 37
2025/08/06 06:14:07 [notice] 1#1: start worker process 38
2025/08/06 06:14:07 [notice] 1#1: start worker process 39
2025/08/06 06:14:07 [notice] 1#1: start worker process 40
2025/08/06 06:14:07 [notice] 1#1: start worker process 41
2025/08/06 06:14:07 [notice] 1#1: start worker process 42
2025/08/06 06:14:07 [notice] 1#1: start worker process 43
2025/08/06 06:14:07 [notice] 1#1: start worker process 44
2025/08/06 06:14:07 [notice] 1#1: start worker process 45
2025/08/06 06:14:07 [notice] 1#1: start worker process 46
2025/08/06 06:14:07 [notice] 1#1: start worker process 47
2025/08/06 06:14:07 [notice] 1#1: start worker process 48
2025/08/06 06:14:07 [notice] 1#1: start worker process 49
